#
# There is insufficient memory for the Java Runtime Environment to continue.
# Native memory allocation (mmap) failed to map 181403648 bytes for Failed to commit area from 0x0000000094e00000 to 0x000000009fb00000 of length 181403648.
# Possible reasons:
#   The system is out of physical RAM or swap space
#   The process is running with CompressedOops enabled, and the Java Heap may be blocking the growth of the native heap
# Possible solutions:
#   Reduce memory load on the system
#   Increase physical memory or swap space
#   Check if swap backing store is full
#   Decrease Java heap size (-Xmx/-Xms)
#   Decrease number of Java threads
#   Decrease Java thread stack sizes (-Xss)
#   Set larger code cache with -XX:ReservedCodeCacheSize=
#   JVM is running with Unscaled Compressed Oops mode in which the Java heap is
#     placed in the first 4GB address space. The Java Heap base address is the
#     maximum limit for the native heap growth. Please use -XX:HeapBaseMinAddress
#     to set the Java Heap base and to place the Java Heap above 4GB virtual address.
# This output file may be truncated or incomplete.
#
#  Out of Memory Error (./src/hotspot/os/windows/os_windows.cpp:3521), pid=7516, tid=13108
#
# JRE version: OpenJDK Runtime Environment (11.0.12+7) (build 11.0.12+7-b1504.28-7817840)
# Java VM: OpenJDK 64-Bit Server VM (11.0.12+7-b1504.28-7817840, mixed mode, tiered, compressed oops, g1 gc, windows-amd64)
# No core dump will be written. Minidumps are not enabled by default on client versions of Windows
#

---------------  S U M M A R Y ------------

Command Line: --add-opens=java.base/java.util=ALL-UNNAMED --add-opens=java.base/java.lang=ALL-UNNAMED --add-opens=java.base/java.lang.invoke=ALL-UNNAMED --add-opens=java.base/java.util=ALL-UNNAMED --add-opens=java.prefs/java.util.prefs=ALL-UNNAMED --add-opens=java.prefs/java.util.prefs=ALL-UNNAMED --add-opens=java.base/java.nio.charset=ALL-UNNAMED --add-opens=java.base/java.net=ALL-UNNAMED --add-opens=java.base/java.util.concurrent.atomic=ALL-UNNAMED -Xmx2048m -Dfile.encoding=UTF-8 -Duser.country=GB -Duser.language=en -Duser.variant org.gradle.launcher.daemon.bootstrap.GradleDaemon 7.3.3

Host: Intel(R) Core(TM) i5-3210M CPU @ 2.50GHz, 4 cores, 7G,  Windows 10 , 64 bit Build 19041 (10.0.19041.1566)
Time: Tue Aug 16 15:39:33 2022 Morocco Standard Time elapsed time: 1431.681532 seconds (0d 0h 23m 51s)

---------------  T H R E A D  ---------------

Current thread (0x000001f5315ad000):  VMThread "VM Thread" [stack: 0x0000005c60a00000,0x0000005c60b00000] [id=13108]

Stack: [0x0000005c60a00000,0x0000005c60b00000]
[error occurred during error reporting (printing stack bounds), id 0xc0000005, EXCEPTION_ACCESS_VIOLATION (0xc0000005) at pc=0x000001f51ad5112d]

Native frames: (J=compiled Java code, j=interpreted, Vv=VM code, C=native code)
V  [jvm.dll+0x5fbcea]
V  [jvm.dll+0x731905]
V  [jvm.dll+0x732f1d]
V  [jvm.dll+0x733535]
V  [jvm.dll+0x7334eb]
V  [jvm.dll+0x5fb080]
V  [jvm.dll+0x5fb818]
C  [ntdll.dll+0xa20cf]
C  [ntdll.dll+0x51454]
C  [ntdll.dll+0xa0bfe]
C  0x000001f51ad5112d

VM_Operation (0x0000005c64ef8b10): G1CollectForAllocation, mode: safepoint, requested by thread 0x000001f533a0a800


---------------  P R O C E S S  ---------------

Threads class SMR info:
_java_thread_list=0x000001f53b9159a0, length=93, elements={
0x000001f515a63800, 0x000001f5315b1800, 0x000001f5315b4800, 0x000001f5315d3800,
0x000001f5315d4800, 0x000001f5315d5800, 0x000001f5315dd000, 0x000001f5315e6000,
0x000001f5315f3800, 0x000001f5320b8800, 0x000001f532cb9000, 0x000001f53498d800,
0x000001f5341f0800, 0x000001f53343b800, 0x000001f533438800, 0x000001f53343c800,
0x000001f53343a000, 0x000001f53343b000, 0x000001f53343f000, 0x000001f53343e000,
0x000001f534c19000, 0x000001f534c1c800, 0x000001f534c16800, 0x000001f534c1d800,
0x000001f533a0d800, 0x000001f5391e8000, 0x000001f5391e6800, 0x000001f5391e7000,
0x000001f5391e9000, 0x000001f5391e3000, 0x000001f5391e4800, 0x000001f5391e9800,
0x000001f5391eb800, 0x000001f5391ed000, 0x000001f5391ee800, 0x000001f5391ed800,
0x000001f5391f0000, 0x000001f5391ef800, 0x000001f5391ea800, 0x000001f5391f2000,
0x000001f5391ec000, 0x000001f53841a000, 0x000001f538417800, 0x000001f538416000,
0x000001f538414800, 0x000001f538418800, 0x000001f53841b000, 0x000001f538415000,
0x000001f53841d800, 0x000001f53841e000, 0x000001f53841c800, 0x000001f53841f000,
0x000001f53841f800, 0x000001f538420800, 0x000001f538421800, 0x000001f53841b800,
0x000001f538422000, 0x000001f538423000, 0x000001f533a03000, 0x000001f533a04000,
0x000001f533a04800, 0x000001f533a05800, 0x000001f533a00800, 0x000001f533a07000,
0x000001f533a06800, 0x000001f533a01800, 0x000001f533a02800, 0x000001f533a0a800,
0x000001f533a09000, 0x000001f533a0b800, 0x000001f533a08000, 0x000001f533a0d000,
0x000001f533a0c000, 0x000001f533a0e800, 0x000001f534c1a000, 0x000001f534c17800,
0x000001f534c1f000, 0x000001f534c20800, 0x000001f534c1f800, 0x000001f534c1b000,
0x000001f534c23000, 0x000001f534c25800, 0x000001f534c21800, 0x000001f534c24000,
0x000001f534c22000, 0x000001f5391e5800, 0x000001f5391f1000, 0x000001f53bce8000,
0x000001f53bce9800, 0x000001f53bcea800, 0x000001f53bce8800, 0x000001f53bced800,
0x000001f53bcef000
}

Java Threads: ( => current thread )
  0x000001f515a63800 JavaThread "main" [_thread_blocked, id=5256, stack(0x0000005c60400000,0x0000005c60500000)]
  0x000001f5315b1800 JavaThread "Reference Handler" daemon [_thread_blocked, id=11540, stack(0x0000005c60b00000,0x0000005c60c00000)]
  0x000001f5315b4800 JavaThread "Finalizer" daemon [_thread_blocked, id=18360, stack(0x0000005c60c00000,0x0000005c60d00000)]
  0x000001f5315d3800 JavaThread "Signal Dispatcher" daemon [_thread_blocked, id=2680, stack(0x0000005c60d00000,0x0000005c60e00000)]
  0x000001f5315d4800 JavaThread "Attach Listener" daemon [_thread_blocked, id=17040, stack(0x0000005c60e00000,0x0000005c60f00000)]
  0x000001f5315d5800 JavaThread "Service Thread" daemon [_thread_blocked, id=10720, stack(0x0000005c60f00000,0x0000005c61000000)]
  0x000001f5315dd000 JavaThread "C2 CompilerThread0" daemon [_thread_in_native, id=17312, stack(0x0000005c61000000,0x0000005c61100000)]
  0x000001f5315e6000 JavaThread "C1 CompilerThread0" daemon [_thread_blocked, id=14332, stack(0x0000005c61100000,0x0000005c61200000)]
  0x000001f5315f3800 JavaThread "Sweeper thread" daemon [_thread_blocked, id=7936, stack(0x0000005c61200000,0x0000005c61300000)]
  0x000001f5320b8800 JavaThread "Common-Cleaner" daemon [_thread_blocked, id=12580, stack(0x0000005c61300000,0x0000005c61400000)]
  0x000001f532cb9000 JavaThread "Daemon health stats" [_thread_blocked, id=13644, stack(0x0000005c61800000,0x0000005c61900000)]
  0x000001f53498d800 JavaThread "Incoming local TCP Connector on port 52835" [_thread_in_native, id=4376, stack(0x0000005c61500000,0x0000005c61600000)]
  0x000001f5341f0800 JavaThread "Daemon periodic checks" [_thread_blocked, id=17360, stack(0x0000005c61900000,0x0000005c61a00000)]
  0x000001f53343b800 JavaThread "Cache worker for journal cache (C:\Users\يوسف\.gradle\caches\journal-1)" [_thread_blocked, id=1040, stack(0x0000005c62200000,0x0000005c62300000)]
  0x000001f533438800 JavaThread "File lock request listener" [_thread_in_native, id=17800, stack(0x0000005c62300000,0x0000005c62400000)]
  0x000001f53343c800 JavaThread "Cache worker for file hash cache (C:\Users\يوسف\.gradle\caches\7.3.3\fileHashes)" [_thread_blocked, id=2844, stack(0x0000005c62400000,0x0000005c62500000)]
  0x000001f53343a000 JavaThread "File watcher server" daemon [_thread_blocked, id=8160, stack(0x0000005c62700000,0x0000005c62800000)]
  0x000001f53343b000 JavaThread "File watcher consumer" daemon [_thread_blocked, id=13804, stack(0x0000005c62800000,0x0000005c62900000)]
  0x000001f53343f000 JavaThread "jar transforms" [_thread_blocked, id=4000, stack(0x0000005c62900000,0x0000005c62a00000)]
  0x000001f53343e000 JavaThread "jar transforms Thread 2" [_thread_blocked, id=8092, stack(0x0000005c62a00000,0x0000005c62b00000)]
  0x000001f534c19000 JavaThread "jar transforms Thread 3" [_thread_blocked, id=5028, stack(0x0000005c62b00000,0x0000005c62c00000)]
  0x000001f534c1c800 JavaThread "jar transforms Thread 4" [_thread_blocked, id=7784, stack(0x0000005c62c00000,0x0000005c62d00000)]
  0x000001f534c16800 JavaThread "Cache worker for execution history cache (C:\Users\يوسف\.gradle\caches\7.3.3\executionHistory)" [_thread_blocked, id=9536, stack(0x0000005c63000000,0x0000005c63100000)]
  0x000001f534c1d800 JavaThread "Cache worker for file content cache (C:\Users\يوسف\.gradle\caches\7.3.3\fileContent)" [_thread_blocked, id=9396, stack(0x0000005c63100000,0x0000005c63200000)]
  0x000001f533a0d800 JavaThread "Memory manager" [_thread_blocked, id=16660, stack(0x0000005c65d00000,0x0000005c65e00000)]
  0x000001f5391e8000 JavaThread "Daemon Thread 3" [_thread_blocked, id=2352, stack(0x0000005c60100000,0x0000005c60200000)]
  0x000001f5391e6800 JavaThread "Handler for socket connection from /127.0.0.1:52835 to /127.0.0.1:54830" [_thread_in_native, id=2532, stack(0x0000005c60200000,0x0000005c60300000)]
  0x000001f5391e7000 JavaThread "Cancel handler" [_thread_blocked, id=8960, stack(0x0000005c60300000,0x0000005c60400000)]
  0x000001f5391e9000 JavaThread "Daemon worker Thread 3" [_thread_blocked, id=6036, stack(0x0000005c61a00000,0x0000005c61b00000)]
  0x000001f5391e3000 JavaThread "Asynchronous log dispatcher for DefaultDaemonConnection: socket connection from /127.0.0.1:52835 to /127.0.0.1:54830" [_thread_blocked, id=13860, stack(0x0000005c61b00000,0x0000005c61c00000)]
  0x000001f5391e4800 JavaThread "Stdin handler" [_thread_blocked, id=2432, stack(0x0000005c61c00000,0x0000005c61d00000)]
  0x000001f5391e9800 JavaThread "Daemon client event forwarder" [_thread_blocked, id=1192, stack(0x0000005c61d00000,0x0000005c61e00000)]
  0x000001f5391eb800 JavaThread "Cache worker for file hash cache (C:\MOBILE\InvSysIT\.gradle\7.3.3\fileHashes)" [_thread_blocked, id=14552, stack(0x0000005c61e00000,0x0000005c61f00000)]
  0x000001f5391ed000 JavaThread "Cache worker for checksums cache (C:\MOBILE\InvSysIT\.gradle\7.3.3\checksums)" [_thread_blocked, id=5188, stack(0x0000005c62000000,0x0000005c62100000)]
  0x000001f5391ee800 JavaThread "Cache worker for cache directory md-supplier (C:\Users\يوسف\.gradle\caches\7.3.3\md-supplier)" [_thread_blocked, id=4656, stack(0x0000005c62500000,0x0000005c62600000)]
  0x000001f5391ed800 JavaThread "Cache worker for cache directory md-rule (C:\Users\يوسف\.gradle\caches\7.3.3\md-rule)" [_thread_blocked, id=16836, stack(0x0000005c62600000,0x0000005c62700000)]
  0x000001f5391f0000 JavaThread "Cache worker for dependencies-accessors (C:\MOBILE\InvSysIT\.gradle\7.3.3\dependencies-accessors)" [_thread_blocked, id=16332, stack(0x0000005c62d00000,0x0000005c62e00000)]
  0x000001f5391ef800 JavaThread "Cache worker for Build Output Cleanup Cache (C:\MOBILE\InvSysIT\.gradle\buildOutputCleanup)" [_thread_blocked, id=18320, stack(0x0000005c62e00000,0x0000005c62f00000)]
  0x000001f5391ea800 JavaThread "Unconstrained build operations" [_thread_blocked, id=18112, stack(0x0000005c62f00000,0x0000005c63000000)]
  0x000001f5391f2000 JavaThread "Unconstrained build operations Thread 2" [_thread_blocked, id=8468, stack(0x0000005c63200000,0x0000005c63300000)]
  0x000001f5391ec000 JavaThread "Unconstrained build operations Thread 3" [_thread_blocked, id=17976, stack(0x0000005c63300000,0x0000005c63400000)]
  0x000001f53841a000 JavaThread "Unconstrained build operations Thread 4" [_thread_blocked, id=11692, stack(0x0000005c63400000,0x0000005c63500000)]
  0x000001f538417800 JavaThread "Unconstrained build operations Thread 5" [_thread_blocked, id=4764, stack(0x0000005c63500000,0x0000005c63600000)]
  0x000001f538416000 JavaThread "Unconstrained build operations Thread 6" [_thread_blocked, id=8756, stack(0x0000005c63600000,0x0000005c63700000)]
  0x000001f538414800 JavaThread "Unconstrained build operations Thread 7" [_thread_blocked, id=8680, stack(0x0000005c63700000,0x0000005c63800000)]
  0x000001f538418800 JavaThread "Unconstrained build operations Thread 8" [_thread_blocked, id=15148, stack(0x0000005c63800000,0x0000005c63900000)]
  0x000001f53841b000 JavaThread "Unconstrained build operations Thread 9" [_thread_blocked, id=1028, stack(0x0000005c63900000,0x0000005c63a00000)]
  0x000001f538415000 JavaThread "Unconstrained build operations Thread 10" [_thread_blocked, id=4368, stack(0x0000005c63a00000,0x0000005c63b00000)]
  0x000001f53841d800 JavaThread "Unconstrained build operations Thread 11" [_thread_blocked, id=18184, stack(0x0000005c63b00000,0x0000005c63c00000)]
  0x000001f53841e000 JavaThread "Unconstrained build operations Thread 12" [_thread_blocked, id=13996, stack(0x0000005c63c00000,0x0000005c63d00000)]
  0x000001f53841c800 JavaThread "Unconstrained build operations Thread 13" [_thread_blocked, id=1716, stack(0x0000005c63d00000,0x0000005c63e00000)]
  0x000001f53841f000 JavaThread "Unconstrained build operations Thread 14" [_thread_blocked, id=15228, stack(0x0000005c63e00000,0x0000005c63f00000)]
  0x000001f53841f800 JavaThread "Unconstrained build operations Thread 15" [_thread_blocked, id=16360, stack(0x0000005c63f00000,0x0000005c64000000)]
  0x000001f538420800 JavaThread "Unconstrained build operations Thread 16" [_thread_blocked, id=1412, stack(0x0000005c64000000,0x0000005c64100000)]
  0x000001f538421800 JavaThread "Unconstrained build operations Thread 17" [_thread_blocked, id=15708, stack(0x0000005c64100000,0x0000005c64200000)]
  0x000001f53841b800 JavaThread "Unconstrained build operations Thread 18" [_thread_blocked, id=17320, stack(0x0000005c64200000,0x0000005c64300000)]
  0x000001f538422000 JavaThread "Unconstrained build operations Thread 19" [_thread_blocked, id=9168, stack(0x0000005c64300000,0x0000005c64400000)]
  0x000001f538423000 JavaThread "Unconstrained build operations Thread 20" [_thread_blocked, id=13440, stack(0x0000005c64400000,0x0000005c64500000)]
  0x000001f533a03000 JavaThread "Unconstrained build operations Thread 21" [_thread_blocked, id=16316, stack(0x0000005c64500000,0x0000005c64600000)]
  0x000001f533a04000 JavaThread "Unconstrained build operations Thread 22" [_thread_blocked, id=13384, stack(0x0000005c64600000,0x0000005c64700000)]
  0x000001f533a04800 JavaThread "Unconstrained build operations Thread 23" [_thread_blocked, id=17376, stack(0x0000005c64700000,0x0000005c64800000)]
  0x000001f533a05800 JavaThread "Unconstrained build operations Thread 24" [_thread_blocked, id=1492, stack(0x0000005c64800000,0x0000005c64900000)]
  0x000001f533a00800 JavaThread "Unconstrained build operations Thread 25" [_thread_blocked, id=14624, stack(0x0000005c64900000,0x0000005c64a00000)]
  0x000001f533a07000 JavaThread "Unconstrained build operations Thread 26" [_thread_blocked, id=13932, stack(0x0000005c64a00000,0x0000005c64b00000)]
  0x000001f533a06800 JavaThread "Unconstrained build operations Thread 27" [_thread_blocked, id=10044, stack(0x0000005c64b00000,0x0000005c64c00000)]
  0x000001f533a01800 JavaThread "Unconstrained build operations Thread 28" [_thread_blocked, id=12612, stack(0x0000005c64c00000,0x0000005c64d00000)]
  0x000001f533a02800 JavaThread "Unconstrained build operations Thread 29" [_thread_blocked, id=9736, stack(0x0000005c64d00000,0x0000005c64e00000)]
  0x000001f533a0a800 JavaThread "Unconstrained build operations Thread 30" [_thread_blocked, id=3772, stack(0x0000005c64e00000,0x0000005c64f00000)]
  0x000001f533a09000 JavaThread "Unconstrained build operations Thread 31" [_thread_blocked, id=6020, stack(0x0000005c64f00000,0x0000005c65000000)]
  0x000001f533a0b800 JavaThread "Unconstrained build operations Thread 32" [_thread_blocked, id=5024, stack(0x0000005c65000000,0x0000005c65100000)]
  0x000001f533a08000 JavaThread "Unconstrained build operations Thread 33" [_thread_blocked, id=908, stack(0x0000005c65100000,0x0000005c65200000)]
  0x000001f533a0d000 JavaThread "Unconstrained build operations Thread 34" [_thread_blocked, id=13268, stack(0x0000005c65200000,0x0000005c65300000)]
  0x000001f533a0c000 JavaThread "Unconstrained build operations Thread 35" [_thread_blocked, id=15932, stack(0x0000005c65300000,0x0000005c65400000)]
  0x000001f533a0e800 JavaThread "Unconstrained build operations Thread 36" [_thread_blocked, id=13308, stack(0x0000005c65400000,0x0000005c65500000)]
  0x000001f534c1a000 JavaThread "Unconstrained build operations Thread 37" [_thread_blocked, id=2752, stack(0x0000005c65500000,0x0000005c65600000)]
  0x000001f534c17800 JavaThread "Unconstrained build operations Thread 38" [_thread_blocked, id=10088, stack(0x0000005c65600000,0x0000005c65700000)]
  0x000001f534c1f000 JavaThread "Unconstrained build operations Thread 39" [_thread_blocked, id=17364, stack(0x0000005c65700000,0x0000005c65800000)]
  0x000001f534c20800 JavaThread "Unconstrained build operations Thread 40" [_thread_blocked, id=7652, stack(0x0000005c65800000,0x0000005c65900000)]
  0x000001f534c1f800 JavaThread "build event listener" [_thread_blocked, id=14424, stack(0x0000005c65900000,0x0000005c65a00000)]
  0x000001f534c1b000 JavaThread "Execution worker for ':'" [_thread_blocked, id=12452, stack(0x0000005c65a00000,0x0000005c65b00000)]
  0x000001f534c23000 JavaThread "Execution worker for ':' Thread 2" [_thread_blocked, id=9080, stack(0x0000005c65b00000,0x0000005c65c00000)]
  0x000001f534c25800 JavaThread "Execution worker for ':' Thread 3" [_thread_blocked, id=792, stack(0x0000005c65c00000,0x0000005c65d00000)]
  0x000001f534c21800 JavaThread "Cache worker for execution history cache (C:\MOBILE\InvSysIT\.gradle\7.3.3\executionHistory)" [_thread_blocked, id=15944, stack(0x0000005c65e00000,0x0000005c65f00000)]
  0x000001f534c24000 JavaThread "WorkerExecutor Queue" [_thread_blocked, id=17792, stack(0x0000005c65f00000,0x0000005c66000000)]
  0x000001f534c22000 JavaThread "WorkerExecutor Queue Thread 2" [_thread_blocked, id=8764, stack(0x0000005c66000000,0x0000005c66100000)]
  0x000001f5391e5800 JavaThread "WorkerExecutor Queue Thread 3" [_thread_blocked, id=6024, stack(0x0000005c66100000,0x0000005c66200000)]
  0x000001f5391f1000 JavaThread "WorkerExecutor Queue Thread 4" [_thread_blocked, id=16576, stack(0x0000005c66200000,0x0000005c66300000)]
  0x000001f53bce8000 JavaThread "pool-5-thread-1" [_thread_blocked, id=1556, stack(0x0000005c66400000,0x0000005c66500000)]
  0x000001f53bce9800 JavaThread "stderr" [_thread_in_native, id=2448, stack(0x0000005c66500000,0x0000005c66600000)]
  0x000001f53bcea800 JavaThread "stdout" [_thread_in_native, id=16752, stack(0x0000005c66600000,0x0000005c66700000)]
  0x000001f53bce8800 JavaThread "stderr" [_thread_in_native, id=13364, stack(0x0000005c66700000,0x0000005c66800000)]
  0x000001f53bced800 JavaThread "stdout" [_thread_in_native, id=968, stack(0x0000005c66800000,0x0000005c66900000)]
  0x000001f53bcef000 JavaThread "C2 CompilerThread1" daemon [_thread_in_native, id=5420, stack(0x0000005c61f00000,0x0000005c62000000)]

Other Threads:
=>0x000001f5315ad000 VMThread "VM Thread" [stack: 0x0000005c60a00000,0x0000005c60b00000] [id=13108]
  0x000001f5320db800 WatcherThread [stack: 0x0000005c61400000,0x0000005c61500000] [id=8876]
  0x000001f5159cd000 GCTaskThread "GC Thread#0" [stack: 0x0000005c60500000,0x0000005c60600000] [id=8116]
  0x000001f532978000 GCTaskThread "GC Thread#1" [stack: 0x0000005c61600000,0x0000005c61700000] [id=15244]
  0x000001f53285d800 GCTaskThread "GC Thread#2" [stack: 0x0000005c61700000,0x0000005c61800000] [id=9948]
  0x000001f5344d3800 GCTaskThread "GC Thread#3" [stack: 0x0000005c62100000,0x0000005c62200000] [id=12020]
  0x000001f515aa8800 ConcurrentGCThread "G1 Main Marker" [stack: 0x0000005c60600000,0x0000005c60700000] [id=8060]
  0x000001f515aaa800 ConcurrentGCThread "G1 Conc#0" [stack: 0x0000005c60700000,0x0000005c60800000] [id=15544]
  0x000001f515b38800 ConcurrentGCThread "G1 Refine#0" [stack: 0x0000005c60800000,0x0000005c60900000] [id=8148]
  0x000001f515b39800 ConcurrentGCThread "G1 Young RemSet Sampling" [stack: 0x0000005c60900000,0x0000005c60a00000] [id=16068]

Threads with active compile tasks:
C2 CompilerThread01431720 26926       4       com.android.tools.r8.ir.regalloc.b::a (1832 bytes)
C2 CompilerThread11431720 25952       4       com.android.tools.r8.internal.mn::a (88 bytes)

VM state:at safepoint (normal execution)

VM Mutex/Monitor currently owned by a thread:  ([mutex/lock_event])
[0x000001f515a5f880] Threads_lock - owner thread: 0x000001f5315ad000
[0x000001f515a5ed40] Heap_lock - owner thread: 0x000001f533a0a800

Heap address: 0x0000000080000000, size: 2048 MB, Compressed Oops mode: 32-bit
Narrow klass base: 0x0000000000000000, Narrow klass shift: 3
Compressed class space size: 1073741824 Address: 0x0000000100000000

Heap:
 garbage-first heap   total 519168K, used 202794K [0x0000000080000000, 0x0000000100000000)
  region size 1024K, 2 young (2048K), 2 survivors (2048K)
 Metaspace       used 142873K, capacity 146843K, committed 147148K, reserved 1177600K
  class space    used 17600K, capacity 19053K, committed 19148K, reserved 1048576K
Heap Regions: E=young(eden), S=young(survivor), O=old, HS=humongous(starts), HC=humongous(continues), CS=collection set, F=free, A=archive, TAMS=top-at-mark-start (previous, next)
|   0|0x0000000080000000, 0x0000000080100000, 0x0000000080100000|100%|HS|  |TAMS 0x0000000080100000, 0x0000000080100000| Complete 
|   1|0x0000000080100000, 0x0000000080200000, 0x0000000080200000|100%|HC|  |TAMS 0x0000000080200000, 0x0000000080200000| Complete 
|   2|0x0000000080200000, 0x0000000080300000, 0x0000000080300000|100%|HC|  |TAMS 0x0000000080300000, 0x0000000080300000| Complete 
|   3|0x0000000080300000, 0x0000000080400000, 0x0000000080400000|100%| O|  |TAMS 0x0000000080400000, 0x0000000080400000| Untracked 
|   4|0x0000000080400000, 0x0000000080500000, 0x0000000080500000|100%| O|  |TAMS 0x0000000080500000, 0x0000000080500000| Untracked 
|   5|0x0000000080500000, 0x0000000080600000, 0x0000000080600000|100%| O|  |TAMS 0x0000000080600000, 0x0000000080600000| Untracked 
|   6|0x0000000080600000, 0x0000000080700000, 0x0000000080700000|100%| O|  |TAMS 0x0000000080700000, 0x0000000080700000| Untracked 
|   7|0x0000000080700000, 0x0000000080800000, 0x0000000080800000|100%| O|  |TAMS 0x0000000080800000, 0x0000000080800000| Untracked 
|   8|0x0000000080800000, 0x0000000080900000, 0x0000000080900000|100%| O|  |TAMS 0x0000000080900000, 0x0000000080900000| Untracked 
|   9|0x0000000080900000, 0x0000000080a00000, 0x0000000080a00000|100%| O|  |TAMS 0x0000000080a00000, 0x0000000080a00000| Untracked 
|  10|0x0000000080a00000, 0x0000000080b00000, 0x0000000080b00000|100%| O|  |TAMS 0x0000000080b00000, 0x0000000080b00000| Untracked 
|  11|0x0000000080b00000, 0x0000000080c00000, 0x0000000080c00000|100%| O|  |TAMS 0x0000000080c00000, 0x0000000080c00000| Untracked 
|  12|0x0000000080c00000, 0x0000000080d00000, 0x0000000080d00000|100%| O|  |TAMS 0x0000000080d00000, 0x0000000080d00000| Untracked 
|  13|0x0000000080d00000, 0x0000000080e00000, 0x0000000080e00000|100%| O|  |TAMS 0x0000000080e00000, 0x0000000080e00000| Untracked 
|  14|0x0000000080e00000, 0x0000000080f00000, 0x0000000080f00000|100%| O|  |TAMS 0x0000000080f00000, 0x0000000080f00000| Untracked 
|  15|0x0000000080f00000, 0x0000000081000000, 0x0000000081000000|100%|HS|  |TAMS 0x0000000081000000, 0x0000000081000000| Complete 
|  16|0x0000000081000000, 0x0000000081100000, 0x0000000081100000|100%|HC|  |TAMS 0x0000000081100000, 0x0000000081100000| Complete 
|  17|0x0000000081100000, 0x0000000081200000, 0x0000000081200000|100%|HS|  |TAMS 0x0000000081200000, 0x0000000081200000| Complete 
|  18|0x0000000081200000, 0x0000000081300000, 0x0000000081300000|100%|HC|  |TAMS 0x0000000081300000, 0x0000000081300000| Complete 
|  19|0x0000000081300000, 0x0000000081400000, 0x0000000081400000|100%|HC|  |TAMS 0x0000000081400000, 0x0000000081400000| Complete 
|  20|0x0000000081400000, 0x0000000081500000, 0x0000000081500000|100%|HS|  |TAMS 0x0000000081500000, 0x0000000081500000| Complete 
|  21|0x0000000081500000, 0x0000000081600000, 0x0000000081600000|100%|HS|  |TAMS 0x0000000081600000, 0x0000000081600000| Complete 
|  22|0x0000000081600000, 0x0000000081700000, 0x0000000081700000|100%|HC|  |TAMS 0x0000000081700000, 0x0000000081700000| Complete 
|  23|0x0000000081700000, 0x0000000081800000, 0x0000000081800000|100%|HC|  |TAMS 0x0000000081800000, 0x0000000081800000| Complete 
|  24|0x0000000081800000, 0x0000000081900000, 0x0000000081900000|100%|HC|  |TAMS 0x0000000081900000, 0x0000000081900000| Complete 
|  25|0x0000000081900000, 0x0000000081a00000, 0x0000000081a00000|100%| O|  |TAMS 0x0000000081a00000, 0x0000000081a00000| Untracked 
|  26|0x0000000081a00000, 0x0000000081b00000, 0x0000000081b00000|100%| O|  |TAMS 0x0000000081b00000, 0x0000000081b00000| Untracked 
|  27|0x0000000081b00000, 0x0000000081c00000, 0x0000000081c00000|100%| O|  |TAMS 0x0000000081c00000, 0x0000000081c00000| Untracked 
|  28|0x0000000081c00000, 0x0000000081d00000, 0x0000000081d00000|100%| O|  |TAMS 0x0000000081d00000, 0x0000000081d00000| Untracked 
|  29|0x0000000081d00000, 0x0000000081e00000, 0x0000000081e00000|100%| O|  |TAMS 0x0000000081e00000, 0x0000000081e00000| Untracked 
|  30|0x0000000081e00000, 0x0000000081f00000, 0x0000000081f00000|100%| O|  |TAMS 0x0000000081f00000, 0x0000000081f00000| Untracked 
|  31|0x0000000081f00000, 0x0000000082000000, 0x0000000082000000|100%| O|  |TAMS 0x0000000082000000, 0x0000000082000000| Untracked 
|  32|0x0000000082000000, 0x0000000082100000, 0x0000000082100000|100%| O|  |TAMS 0x0000000082100000, 0x0000000082100000| Untracked 
|  33|0x0000000082100000, 0x0000000082200000, 0x0000000082200000|100%| O|  |TAMS 0x0000000082200000, 0x0000000082200000| Untracked 
|  34|0x0000000082200000, 0x0000000082300000, 0x0000000082300000|100%|HS|  |TAMS 0x0000000082300000, 0x0000000082300000| Complete 
|  35|0x0000000082300000, 0x0000000082400000, 0x0000000082400000|100%|HS|  |TAMS 0x0000000082400000, 0x0000000082400000| Complete 
|  36|0x0000000082400000, 0x0000000082500000, 0x0000000082500000|100%|HC|  |TAMS 0x0000000082500000, 0x0000000082500000| Complete 
|  37|0x0000000082500000, 0x0000000082600000, 0x0000000082600000|100%|HC|  |TAMS 0x0000000082600000, 0x0000000082600000| Complete 
|  38|0x0000000082600000, 0x0000000082700000, 0x0000000082700000|100%| O|  |TAMS 0x0000000082700000, 0x0000000082700000| Untracked 
|  39|0x0000000082700000, 0x0000000082800000, 0x0000000082800000|100%| O|  |TAMS 0x0000000082800000, 0x0000000082800000| Untracked 
|  40|0x0000000082800000, 0x0000000082900000, 0x0000000082900000|100%| O|  |TAMS 0x0000000082900000, 0x0000000082900000| Untracked 
|  41|0x0000000082900000, 0x0000000082a00000, 0x0000000082a00000|100%|HS|  |TAMS 0x0000000082a00000, 0x0000000082a00000| Complete 
|  42|0x0000000082a00000, 0x0000000082b00000, 0x0000000082b00000|100%|HC|  |TAMS 0x0000000082b00000, 0x0000000082b00000| Complete 
|  43|0x0000000082b00000, 0x0000000082c00000, 0x0000000082c00000|100%|HC|  |TAMS 0x0000000082c00000, 0x0000000082c00000| Complete 
|  44|0x0000000082c00000, 0x0000000082d00000, 0x0000000082d00000|100%|HC|  |TAMS 0x0000000082d00000, 0x0000000082d00000| Complete 
|  45|0x0000000082d00000, 0x0000000082e00000, 0x0000000082e00000|100%| O|  |TAMS 0x0000000082e00000, 0x0000000082e00000| Untracked 
|  46|0x0000000082e00000, 0x0000000082f00000, 0x0000000082f00000|100%| O|  |TAMS 0x0000000082f00000, 0x0000000082f00000| Untracked 
|  47|0x0000000082f00000, 0x0000000083000000, 0x0000000083000000|100%| O|  |TAMS 0x0000000083000000, 0x0000000083000000| Untracked 
|  48|0x0000000083000000, 0x0000000083100000, 0x0000000083100000|100%| O|  |TAMS 0x0000000083100000, 0x0000000083100000| Untracked 
|  49|0x0000000083100000, 0x0000000083200000, 0x0000000083200000|100%| O|  |TAMS 0x0000000083200000, 0x0000000083200000| Untracked 
|  50|0x0000000083200000, 0x0000000083300000, 0x0000000083300000|100%| O|  |TAMS 0x0000000083300000, 0x0000000083300000| Untracked 
|  51|0x0000000083300000, 0x0000000083400000, 0x0000000083400000|100%| O|  |TAMS 0x0000000083400000, 0x0000000083400000| Untracked 
|  52|0x0000000083400000, 0x0000000083500000, 0x0000000083500000|100%| O|  |TAMS 0x0000000083500000, 0x0000000083500000| Untracked 
|  53|0x0000000083500000, 0x0000000083600000, 0x0000000083600000|100%| O|  |TAMS 0x0000000083600000, 0x0000000083600000| Untracked 
|  54|0x0000000083600000, 0x0000000083700000, 0x0000000083700000|100%| O|  |TAMS 0x0000000083700000, 0x0000000083700000| Untracked 
|  55|0x0000000083700000, 0x0000000083800000, 0x0000000083800000|100%| O|  |TAMS 0x0000000083800000, 0x0000000083800000| Untracked 
|  56|0x0000000083800000, 0x0000000083900000, 0x0000000083900000|100%|HS|  |TAMS 0x0000000083900000, 0x0000000083900000| Complete 
|  57|0x0000000083900000, 0x0000000083a00000, 0x0000000083a00000|100%|HS|  |TAMS 0x0000000083a00000, 0x0000000083a00000| Complete 
|  58|0x0000000083a00000, 0x0000000083b00000, 0x0000000083b00000|100%|HS|  |TAMS 0x0000000083b00000, 0x0000000083b00000| Complete 
|  59|0x0000000083b00000, 0x0000000083c00000, 0x0000000083c00000|100%|HC|  |TAMS 0x0000000083c00000, 0x0000000083c00000| Complete 
|  60|0x0000000083c00000, 0x0000000083d00000, 0x0000000083d00000|100%| O|  |TAMS 0x0000000083d00000, 0x0000000083d00000| Untracked 
|  61|0x0000000083d00000, 0x0000000083e00000, 0x0000000083e00000|100%| O|  |TAMS 0x0000000083e00000, 0x0000000083e00000| Untracked 
|  62|0x0000000083e00000, 0x0000000083f00000, 0x0000000083f00000|100%| O|  |TAMS 0x0000000083f00000, 0x0000000083f00000| Untracked 
|  63|0x0000000083f00000, 0x0000000084000000, 0x0000000084000000|100%| O|  |TAMS 0x0000000084000000, 0x0000000084000000| Untracked 
|  64|0x0000000084000000, 0x0000000084100000, 0x0000000084100000|100%| O|  |TAMS 0x0000000084100000, 0x0000000084100000| Untracked 
|  65|0x0000000084100000, 0x0000000084200000, 0x0000000084200000|100%| O|  |TAMS 0x0000000084200000, 0x0000000084200000| Untracked 
|  66|0x0000000084200000, 0x0000000084300000, 0x0000000084300000|100%| O|  |TAMS 0x0000000084300000, 0x0000000084300000| Untracked 
|  67|0x0000000084300000, 0x0000000084400000, 0x0000000084400000|100%| O|  |TAMS 0x0000000084400000, 0x0000000084400000| Untracked 
|  68|0x0000000084400000, 0x0000000084500000, 0x0000000084500000|100%| O|  |TAMS 0x0000000084500000, 0x0000000084500000| Untracked 
|  69|0x0000000084500000, 0x0000000084600000, 0x0000000084600000|100%| O|  |TAMS 0x0000000084600000, 0x0000000084600000| Untracked 
|  70|0x0000000084600000, 0x0000000084700000, 0x0000000084700000|100%| O|  |TAMS 0x0000000084700000, 0x0000000084700000| Untracked 
|  71|0x0000000084700000, 0x0000000084800000, 0x0000000084800000|100%| O|  |TAMS 0x0000000084800000, 0x0000000084800000| Untracked 
|  72|0x0000000084800000, 0x0000000084900000, 0x0000000084900000|100%| O|  |TAMS 0x0000000084900000, 0x0000000084900000| Untracked 
|  73|0x0000000084900000, 0x0000000084a00000, 0x0000000084a00000|100%| O|  |TAMS 0x0000000084a00000, 0x0000000084a00000| Untracked 
|  74|0x0000000084a00000, 0x0000000084a00000, 0x0000000084b00000|  0%| F|  |TAMS 0x0000000084a00000, 0x0000000084a00000| Untracked 
|  75|0x0000000084b00000, 0x0000000084c00000, 0x0000000084c00000|100%| O|  |TAMS 0x0000000084c00000, 0x0000000084c00000| Untracked 
|  76|0x0000000084c00000, 0x0000000084d00000, 0x0000000084d00000|100%| O|  |TAMS 0x0000000084d00000, 0x0000000084d00000| Untracked 
|  77|0x0000000084d00000, 0x0000000084e00000, 0x0000000084e00000|100%| O|  |TAMS 0x0000000084e00000, 0x0000000084e00000| Untracked 
|  78|0x0000000084e00000, 0x0000000084f00000, 0x0000000084f00000|100%| O|  |TAMS 0x0000000084f00000, 0x0000000084f00000| Untracked 
|  79|0x0000000084f00000, 0x0000000085000000, 0x0000000085000000|100%| O|  |TAMS 0x0000000085000000, 0x0000000085000000| Untracked 
|  80|0x0000000085000000, 0x0000000085100000, 0x0000000085100000|100%| O|  |TAMS 0x0000000085100000, 0x0000000085100000| Untracked 
|  81|0x0000000085100000, 0x0000000085200000, 0x0000000085200000|100%| O|  |TAMS 0x0000000085200000, 0x0000000085200000| Untracked 
|  82|0x0000000085200000, 0x0000000085300000, 0x0000000085300000|100%| O|  |TAMS 0x0000000085300000, 0x0000000085300000| Untracked 
|  83|0x0000000085300000, 0x0000000085400000, 0x0000000085400000|100%| O|  |TAMS 0x0000000085400000, 0x0000000085400000| Untracked 
|  84|0x0000000085400000, 0x0000000085500000, 0x0000000085500000|100%| O|  |TAMS 0x0000000085500000, 0x0000000085500000| Untracked 
|  85|0x0000000085500000, 0x0000000085600000, 0x0000000085600000|100%| O|  |TAMS 0x0000000085600000, 0x0000000085600000| Untracked 
|  86|0x0000000085600000, 0x0000000085700000, 0x0000000085700000|100%| O|  |TAMS 0x0000000085700000, 0x0000000085700000| Untracked 
|  87|0x0000000085700000, 0x0000000085800000, 0x0000000085800000|100%|HS|  |TAMS 0x0000000085800000, 0x0000000085800000| Complete 
|  88|0x0000000085800000, 0x0000000085900000, 0x0000000085900000|100%|HC|  |TAMS 0x0000000085900000, 0x0000000085900000| Complete 
|  89|0x0000000085900000, 0x0000000085a00000, 0x0000000085a00000|100%|HS|  |TAMS 0x0000000085a00000, 0x0000000085a00000| Complete 
|  90|0x0000000085a00000, 0x0000000085b00000, 0x0000000085b00000|100%|HC|  |TAMS 0x0000000085b00000, 0x0000000085b00000| Complete 
|  91|0x0000000085b00000, 0x0000000085c00000, 0x0000000085c00000|100%|HC|  |TAMS 0x0000000085c00000, 0x0000000085c00000| Complete 
|  92|0x0000000085c00000, 0x0000000085d00000, 0x0000000085d00000|100%|HS|  |TAMS 0x0000000085d00000, 0x0000000085d00000| Complete 
|  93|0x0000000085d00000, 0x0000000085e00000, 0x0000000085e00000|100%|HS|  |TAMS 0x0000000085e00000, 0x0000000085e00000| Complete 
|  94|0x0000000085e00000, 0x0000000085f00000, 0x0000000085f00000|100%|HC|  |TAMS 0x0000000085f00000, 0x0000000085f00000| Complete 
|  95|0x0000000085f00000, 0x0000000086000000, 0x0000000086000000|100%|HC|  |TAMS 0x0000000086000000, 0x0000000086000000| Complete 
|  96|0x0000000086000000, 0x0000000086100000, 0x0000000086100000|100%|HC|  |TAMS 0x0000000086100000, 0x0000000086100000| Complete 
|  97|0x0000000086100000, 0x0000000086200000, 0x0000000086200000|100%| O|  |TAMS 0x0000000086200000, 0x0000000086200000| Untracked 
|  98|0x0000000086200000, 0x0000000086300000, 0x0000000086300000|100%| O|  |TAMS 0x0000000086300000, 0x0000000086300000| Untracked 
|  99|0x0000000086300000, 0x0000000086400000, 0x0000000086400000|100%| O|  |TAMS 0x0000000086400000, 0x0000000086400000| Untracked 
| 100|0x0000000086400000, 0x0000000086500000, 0x0000000086500000|100%| O|  |TAMS 0x0000000086500000, 0x0000000086500000| Untracked 
| 101|0x0000000086500000, 0x0000000086600000, 0x0000000086600000|100%| O|  |TAMS 0x0000000086600000, 0x0000000086600000| Untracked 
| 102|0x0000000086600000, 0x0000000086700000, 0x0000000086700000|100%| O|  |TAMS 0x0000000086700000, 0x0000000086700000| Untracked 
| 103|0x0000000086700000, 0x0000000086800000, 0x0000000086800000|100%| O|  |TAMS 0x0000000086800000, 0x0000000086800000| Untracked 
| 104|0x0000000086800000, 0x0000000086900000, 0x0000000086900000|100%| O|  |TAMS 0x0000000086900000, 0x0000000086900000| Untracked 
| 105|0x0000000086900000, 0x0000000086a00000, 0x0000000086a00000|100%| O|  |TAMS 0x0000000086a00000, 0x0000000086a00000| Untracked 
| 106|0x0000000086a00000, 0x0000000086b00000, 0x0000000086b00000|100%| O|  |TAMS 0x0000000086b00000, 0x0000000086b00000| Untracked 
| 107|0x0000000086b00000, 0x0000000086c00000, 0x0000000086c00000|100%| O|  |TAMS 0x0000000086c00000, 0x0000000086c00000| Untracked 
| 108|0x0000000086c00000, 0x0000000086d00000, 0x0000000086d00000|100%| O|  |TAMS 0x0000000086d00000, 0x0000000086d00000| Untracked 
| 109|0x0000000086d00000, 0x0000000086e00000, 0x0000000086e00000|100%| O|  |TAMS 0x0000000086e00000, 0x0000000086e00000| Untracked 
| 110|0x0000000086e00000, 0x0000000086f00000, 0x0000000086f00000|100%| O|  |TAMS 0x0000000086f00000, 0x0000000086f00000| Untracked 
| 111|0x0000000086f00000, 0x0000000087000000, 0x0000000087000000|100%| O|  |TAMS 0x0000000087000000, 0x0000000087000000| Untracked 
| 112|0x0000000087000000, 0x0000000087100000, 0x0000000087100000|100%| O|  |TAMS 0x0000000087100000, 0x0000000087100000| Untracked 
| 113|0x0000000087100000, 0x0000000087200000, 0x0000000087200000|100%| O|  |TAMS 0x0000000087200000, 0x0000000087200000| Untracked 
| 114|0x0000000087200000, 0x0000000087300000, 0x0000000087300000|100%| O|  |TAMS 0x0000000087300000, 0x0000000087300000| Untracked 
| 115|0x0000000087300000, 0x0000000087400000, 0x0000000087400000|100%| O|  |TAMS 0x0000000087400000, 0x0000000087400000| Untracked 
| 116|0x0000000087400000, 0x0000000087500000, 0x0000000087500000|100%| O|  |TAMS 0x0000000087500000, 0x0000000087500000| Untracked 
| 117|0x0000000087500000, 0x0000000087600000, 0x0000000087600000|100%| O|  |TAMS 0x0000000087600000, 0x0000000087600000| Untracked 
| 118|0x0000000087600000, 0x0000000087700000, 0x0000000087700000|100%| O|  |TAMS 0x0000000087700000, 0x0000000087700000| Untracked 
| 119|0x0000000087700000, 0x0000000087800000, 0x0000000087800000|100%| O|  |TAMS 0x0000000087800000, 0x0000000087800000| Untracked 
| 120|0x0000000087800000, 0x0000000087900000, 0x0000000087900000|100%| O|  |TAMS 0x0000000087900000, 0x0000000087900000| Untracked 
| 121|0x0000000087900000, 0x0000000087a00000, 0x0000000087a00000|100%| O|  |TAMS 0x0000000087a00000, 0x0000000087a00000| Untracked 
| 122|0x0000000087a00000, 0x0000000087b00000, 0x0000000087b00000|100%| O|  |TAMS 0x0000000087b00000, 0x0000000087b00000| Untracked 
| 123|0x0000000087b00000, 0x0000000087c00000, 0x0000000087c00000|100%| O|  |TAMS 0x0000000087c00000, 0x0000000087c00000| Untracked 
| 124|0x0000000087c00000, 0x0000000087d00000, 0x0000000087d00000|100%| O|  |TAMS 0x0000000087d00000, 0x0000000087d00000| Untracked 
| 125|0x0000000087d00000, 0x0000000087d00000, 0x0000000087e00000|  0%| F|  |TAMS 0x0000000087d00000, 0x0000000087d00000| Untracked 
| 126|0x0000000087e00000, 0x0000000087e00000, 0x0000000087f00000|  0%| F|  |TAMS 0x0000000087e00000, 0x0000000087e00000| Untracked 
| 127|0x0000000087f00000, 0x0000000087f00000, 0x0000000088000000|  0%| F|  |TAMS 0x0000000087f00000, 0x0000000087f00000| Untracked 
| 128|0x0000000088000000, 0x0000000088100000, 0x0000000088100000|100%| O|  |TAMS 0x0000000088100000, 0x0000000088100000| Untracked 
| 129|0x0000000088100000, 0x0000000088200000, 0x0000000088200000|100%| O|  |TAMS 0x0000000088200000, 0x0000000088200000| Untracked 
| 130|0x0000000088200000, 0x0000000088300000, 0x0000000088300000|100%| O|  |TAMS 0x0000000088300000, 0x0000000088300000| Untracked 
| 131|0x0000000088300000, 0x0000000088400000, 0x0000000088400000|100%| O|  |TAMS 0x0000000088400000, 0x0000000088400000| Untracked 
| 132|0x0000000088400000, 0x0000000088500000, 0x0000000088500000|100%| O|  |TAMS 0x0000000088500000, 0x0000000088500000| Untracked 
| 133|0x0000000088500000, 0x0000000088600000, 0x0000000088600000|100%| O|  |TAMS 0x0000000088600000, 0x0000000088600000| Untracked 
| 134|0x0000000088600000, 0x0000000088700000, 0x0000000088700000|100%| O|  |TAMS 0x0000000088700000, 0x0000000088700000| Untracked 
| 135|0x0000000088700000, 0x0000000088800000, 0x0000000088800000|100%| O|  |TAMS 0x0000000088800000, 0x0000000088800000| Untracked 
| 136|0x0000000088800000, 0x0000000088900000, 0x0000000088900000|100%| O|  |TAMS 0x0000000088900000, 0x0000000088900000| Untracked 
| 137|0x0000000088900000, 0x0000000088a00000, 0x0000000088a00000|100%| O|  |TAMS 0x0000000088a00000, 0x0000000088a00000| Untracked 
| 138|0x0000000088a00000, 0x0000000088b00000, 0x0000000088b00000|100%| O|  |TAMS 0x0000000088a00000, 0x0000000088b00000| Untracked 
| 139|0x0000000088b00000, 0x0000000088c00000, 0x0000000088c00000|100%| O|  |TAMS 0x0000000088c00000, 0x0000000088c00000| Untracked 
| 140|0x0000000088c00000, 0x0000000088d00000, 0x0000000088d00000|100%| O|  |TAMS 0x0000000088d00000, 0x0000000088d00000| Untracked 
| 141|0x0000000088d00000, 0x0000000088e00000, 0x0000000088e00000|100%| O|  |TAMS 0x0000000088e00000, 0x0000000088e00000| Untracked 
| 142|0x0000000088e00000, 0x0000000088f00000, 0x0000000088f00000|100%| O|  |TAMS 0x0000000088f00000, 0x0000000088f00000| Untracked 
| 143|0x0000000088f00000, 0x0000000089000000, 0x0000000089000000|100%| O|  |TAMS 0x0000000089000000, 0x0000000089000000| Untracked 
| 144|0x0000000089000000, 0x0000000089100000, 0x0000000089100000|100%| O|  |TAMS 0x0000000089000000, 0x0000000089100000| Untracked 
| 145|0x0000000089100000, 0x0000000089200000, 0x0000000089200000|100%| O|  |TAMS 0x0000000089200000, 0x0000000089200000| Untracked 
| 146|0x0000000089200000, 0x0000000089300000, 0x0000000089300000|100%| O|  |TAMS 0x0000000089300000, 0x0000000089300000| Untracked 
| 147|0x0000000089300000, 0x0000000089400000, 0x0000000089400000|100%| O|  |TAMS 0x0000000089400000, 0x0000000089400000| Untracked 
| 148|0x0000000089400000, 0x0000000089500000, 0x0000000089500000|100%| O|  |TAMS 0x0000000089500000, 0x0000000089500000| Untracked 
| 149|0x0000000089500000, 0x0000000089600000, 0x0000000089600000|100%| O|  |TAMS 0x0000000089600000, 0x0000000089600000| Untracked 
| 150|0x0000000089600000, 0x0000000089700000, 0x0000000089700000|100%| O|  |TAMS 0x0000000089700000, 0x0000000089700000| Untracked 
| 151|0x0000000089700000, 0x0000000089800000, 0x0000000089800000|100%| O|  |TAMS 0x0000000089800000, 0x0000000089800000| Untracked 
| 152|0x0000000089800000, 0x0000000089900000, 0x0000000089900000|100%| O|  |TAMS 0x0000000089900000, 0x0000000089900000| Untracked 
| 153|0x0000000089900000, 0x0000000089a00000, 0x0000000089a00000|100%| O|  |TAMS 0x0000000089a00000, 0x0000000089a00000| Untracked 
| 154|0x0000000089a00000, 0x0000000089b00000, 0x0000000089b00000|100%| O|  |TAMS 0x0000000089b00000, 0x0000000089b00000| Untracked 
| 155|0x0000000089b00000, 0x0000000089c00000, 0x0000000089c00000|100%| O|  |TAMS 0x0000000089c00000, 0x0000000089c00000| Untracked 
| 156|0x0000000089c00000, 0x0000000089d00000, 0x0000000089d00000|100%| O|  |TAMS 0x0000000089d00000, 0x0000000089d00000| Untracked 
| 157|0x0000000089d00000, 0x0000000089e00000, 0x0000000089e00000|100%| O|  |TAMS 0x0000000089e00000, 0x0000000089e00000| Untracked 
| 158|0x0000000089e00000, 0x0000000089f00000, 0x0000000089f00000|100%| O|  |TAMS 0x0000000089f00000, 0x0000000089f00000| Untracked 
| 159|0x0000000089f00000, 0x000000008a000000, 0x000000008a000000|100%| O|  |TAMS 0x000000008a000000, 0x000000008a000000| Untracked 
| 160|0x000000008a000000, 0x000000008a100000, 0x000000008a100000|100%| O|  |TAMS 0x000000008a100000, 0x000000008a100000| Untracked 
| 161|0x000000008a100000, 0x000000008a200000, 0x000000008a200000|100%| O|  |TAMS 0x000000008a200000, 0x000000008a200000| Untracked 
| 162|0x000000008a200000, 0x000000008a300000, 0x000000008a300000|100%| O|  |TAMS 0x000000008a300000, 0x000000008a300000| Untracked 
| 163|0x000000008a300000, 0x000000008a400000, 0x000000008a400000|100%| O|  |TAMS 0x000000008a400000, 0x000000008a400000| Untracked 
| 164|0x000000008a400000, 0x000000008a400000, 0x000000008a500000|  0%| F|  |TAMS 0x000000008a400000, 0x000000008a400000| Untracked 
| 165|0x000000008a500000, 0x000000008a600000, 0x000000008a600000|100%| O|  |TAMS 0x000000008a600000, 0x000000008a600000| Untracked 
| 166|0x000000008a600000, 0x000000008a700000, 0x000000008a700000|100%| O|  |TAMS 0x000000008a700000, 0x000000008a700000| Untracked 
| 167|0x000000008a700000, 0x000000008a800000, 0x000000008a800000|100%| O|  |TAMS 0x000000008a800000, 0x000000008a800000| Untracked 
| 168|0x000000008a800000, 0x000000008a900000, 0x000000008a900000|100%| O|  |TAMS 0x000000008a900000, 0x000000008a900000| Untracked 
| 169|0x000000008a900000, 0x000000008aa00000, 0x000000008aa00000|100%| O|  |TAMS 0x000000008aa00000, 0x000000008aa00000| Untracked 
| 170|0x000000008aa00000, 0x000000008ab00000, 0x000000008ab00000|100%| O|  |TAMS 0x000000008ab00000, 0x000000008ab00000| Untracked 
| 171|0x000000008ab00000, 0x000000008ac00000, 0x000000008ac00000|100%| O|  |TAMS 0x000000008ac00000, 0x000000008ac00000| Untracked 
| 172|0x000000008ac00000, 0x000000008ad00000, 0x000000008ad00000|100%| O|  |TAMS 0x000000008ad00000, 0x000000008ad00000| Untracked 
| 173|0x000000008ad00000, 0x000000008ae00000, 0x000000008ae00000|100%| O|  |TAMS 0x000000008ae00000, 0x000000008ae00000| Untracked 
| 174|0x000000008ae00000, 0x000000008ae00000, 0x000000008af00000|  0%| F|  |TAMS 0x000000008ae00000, 0x000000008ae00000| Untracked 
| 175|0x000000008af00000, 0x000000008b000000, 0x000000008b000000|100%| O|  |TAMS 0x000000008b000000, 0x000000008b000000| Untracked 
| 176|0x000000008b000000, 0x000000008b100000, 0x000000008b100000|100%| O|  |TAMS 0x000000008b100000, 0x000000008b100000| Untracked 
| 177|0x000000008b100000, 0x000000008b200000, 0x000000008b200000|100%| O|  |TAMS 0x000000008b200000, 0x000000008b200000| Untracked 
| 178|0x000000008b200000, 0x000000008b300000, 0x000000008b300000|100%| O|  |TAMS 0x000000008b300000, 0x000000008b300000| Untracked 
| 179|0x000000008b300000, 0x000000008b300000, 0x000000008b400000|  0%| F|  |TAMS 0x000000008b300000, 0x000000008b300000| Untracked 
| 180|0x000000008b400000, 0x000000008b500000, 0x000000008b500000|100%| O|  |TAMS 0x000000008b500000, 0x000000008b500000| Untracked 
| 181|0x000000008b500000, 0x000000008b600000, 0x000000008b600000|100%| O|  |TAMS 0x000000008b600000, 0x000000008b600000| Untracked 
| 182|0x000000008b600000, 0x000000008b700000, 0x000000008b700000|100%| O|  |TAMS 0x000000008b700000, 0x000000008b700000| Untracked 
| 183|0x000000008b700000, 0x000000008b800000, 0x000000008b800000|100%| O|  |TAMS 0x000000008b800000, 0x000000008b800000| Untracked 
| 184|0x000000008b800000, 0x000000008b900000, 0x000000008b900000|100%| O|  |TAMS 0x000000008b900000, 0x000000008b900000| Untracked 
| 185|0x000000008b900000, 0x000000008ba00000, 0x000000008ba00000|100%| O|  |TAMS 0x000000008ba00000, 0x000000008ba00000| Untracked 
| 186|0x000000008ba00000, 0x000000008bb00000, 0x000000008bb00000|100%| O|  |TAMS 0x000000008bb00000, 0x000000008bb00000| Untracked 
| 187|0x000000008bb00000, 0x000000008bc00000, 0x000000008bc00000|100%| O|  |TAMS 0x000000008bc00000, 0x000000008bc00000| Untracked 
| 188|0x000000008bc00000, 0x000000008bd00000, 0x000000008bd00000|100%| O|  |TAMS 0x000000008bd00000, 0x000000008bd00000| Untracked 
| 189|0x000000008bd00000, 0x000000008be00000, 0x000000008be00000|100%| O|  |TAMS 0x000000008be00000, 0x000000008be00000| Untracked 
| 190|0x000000008be00000, 0x000000008bf00000, 0x000000008bf00000|100%| O|  |TAMS 0x000000008bf00000, 0x000000008bf00000| Untracked 
| 191|0x000000008bf00000, 0x000000008c000000, 0x000000008c000000|100%| O|  |TAMS 0x000000008c000000, 0x000000008c000000| Untracked 
| 192|0x000000008c000000, 0x000000008c100000, 0x000000008c100000|100%| O|  |TAMS 0x000000008c100000, 0x000000008c100000| Untracked 
| 193|0x000000008c100000, 0x000000008c200000, 0x000000008c200000|100%| O|  |TAMS 0x000000008c200000, 0x000000008c200000| Untracked 
| 194|0x000000008c200000, 0x000000008c300000, 0x000000008c300000|100%| O|  |TAMS 0x000000008c300000, 0x000000008c300000| Untracked 
| 195|0x000000008c300000, 0x000000008c400000, 0x000000008c400000|100%| O|  |TAMS 0x000000008c400000, 0x000000008c400000| Untracked 
| 196|0x000000008c400000, 0x000000008c500000, 0x000000008c500000|100%| O|  |TAMS 0x000000008c500000, 0x000000008c500000| Untracked 
| 197|0x000000008c500000, 0x000000008c600000, 0x000000008c600000|100%| O|  |TAMS 0x000000008c500000, 0x000000008c600000| Untracked 
| 198|0x000000008c600000, 0x000000008c700000, 0x000000008c700000|100%| O|  |TAMS 0x000000008c700000, 0x000000008c700000| Untracked 
| 199|0x000000008c700000, 0x000000008c800000, 0x000000008c800000|100%| O|  |TAMS 0x000000008c800000, 0x000000008c800000| Untracked 
| 200|0x000000008c800000, 0x000000008c900000, 0x000000008c900000|100%| O|  |TAMS 0x000000008c900000, 0x000000008c900000| Untracked 
| 201|0x000000008c900000, 0x000000008ca00000, 0x000000008ca00000|100%| O|  |TAMS 0x000000008ca00000, 0x000000008ca00000| Untracked 
| 202|0x000000008ca00000, 0x000000008cb00000, 0x000000008cb00000|100%| O|  |TAMS 0x000000008ca82c00, 0x000000008cb00000| Untracked 
| 203|0x000000008cb00000, 0x000000008cbf4600, 0x000000008cc00000| 95%| O|  |TAMS 0x000000008cb00000, 0x000000008cbf4600| Untracked 
| 204|0x000000008cc00000, 0x000000008cc00000, 0x000000008cd00000|  0%| F|  |TAMS 0x000000008cc00000, 0x000000008cc00000| Untracked 
| 205|0x000000008cd00000, 0x000000008cd00000, 0x000000008ce00000|  0%| F|  |TAMS 0x000000008cd00000, 0x000000008cd00000| Untracked 
| 206|0x000000008ce00000, 0x000000008ce00000, 0x000000008cf00000|  0%| F|  |TAMS 0x000000008ce00000, 0x000000008ce00000| Untracked 
| 207|0x000000008cf00000, 0x000000008cf00000, 0x000000008d000000|  0%| F|  |TAMS 0x000000008cf00000, 0x000000008cf00000| Untracked 
| 208|0x000000008d000000, 0x000000008d000000, 0x000000008d100000|  0%| F|  |TAMS 0x000000008d000000, 0x000000008d000000| Untracked 
| 209|0x000000008d100000, 0x000000008d100000, 0x000000008d200000|  0%| F|  |TAMS 0x000000008d100000, 0x000000008d100000| Untracked 
| 210|0x000000008d200000, 0x000000008d200000, 0x000000008d300000|  0%| F|  |TAMS 0x000000008d200000, 0x000000008d200000| Untracked 
| 211|0x000000008d300000, 0x000000008d300000, 0x000000008d400000|  0%| F|  |TAMS 0x000000008d300000, 0x000000008d300000| Untracked 
| 212|0x000000008d400000, 0x000000008d400000, 0x000000008d500000|  0%| F|  |TAMS 0x000000008d400000, 0x000000008d400000| Untracked 
| 213|0x000000008d500000, 0x000000008d500000, 0x000000008d600000|  0%| F|  |TAMS 0x000000008d500000, 0x000000008d500000| Untracked 
| 214|0x000000008d600000, 0x000000008d600000, 0x000000008d700000|  0%| F|  |TAMS 0x000000008d600000, 0x000000008d600000| Untracked 
| 215|0x000000008d700000, 0x000000008d700000, 0x000000008d800000|  0%| F|  |TAMS 0x000000008d700000, 0x000000008d700000| Untracked 
| 216|0x000000008d800000, 0x000000008d800000, 0x000000008d900000|  0%| F|  |TAMS 0x000000008d800000, 0x000000008d800000| Untracked 
| 217|0x000000008d900000, 0x000000008d900000, 0x000000008da00000|  0%| F|  |TAMS 0x000000008d900000, 0x000000008d900000| Untracked 
| 218|0x000000008da00000, 0x000000008da00000, 0x000000008db00000|  0%| F|  |TAMS 0x000000008da00000, 0x000000008da00000| Untracked 
| 219|0x000000008db00000, 0x000000008db00000, 0x000000008dc00000|  0%| F|  |TAMS 0x000000008db00000, 0x000000008db00000| Untracked 
| 220|0x000000008dc00000, 0x000000008dc00000, 0x000000008dd00000|  0%| F|  |TAMS 0x000000008dc00000, 0x000000008dc00000| Untracked 
| 221|0x000000008dd00000, 0x000000008dd00000, 0x000000008de00000|  0%| F|  |TAMS 0x000000008dd00000, 0x000000008dd00000| Untracked 
| 222|0x000000008de00000, 0x000000008de00000, 0x000000008df00000|  0%| F|  |TAMS 0x000000008de00000, 0x000000008de00000| Untracked 
| 223|0x000000008df00000, 0x000000008df00000, 0x000000008e000000|  0%| F|  |TAMS 0x000000008df00000, 0x000000008df00000| Untracked 
| 224|0x000000008e000000, 0x000000008e000000, 0x000000008e100000|  0%| F|  |TAMS 0x000000008e000000, 0x000000008e000000| Untracked 
| 225|0x000000008e100000, 0x000000008e100000, 0x000000008e200000|  0%| F|  |TAMS 0x000000008e100000, 0x000000008e100000| Untracked 
| 226|0x000000008e200000, 0x000000008e200000, 0x000000008e300000|  0%| F|  |TAMS 0x000000008e200000, 0x000000008e200000| Untracked 
| 227|0x000000008e300000, 0x000000008e300000, 0x000000008e400000|  0%| F|  |TAMS 0x000000008e300000, 0x000000008e300000| Untracked 
| 228|0x000000008e400000, 0x000000008e400000, 0x000000008e500000|  0%| F|  |TAMS 0x000000008e400000, 0x000000008e400000| Untracked 
| 229|0x000000008e500000, 0x000000008e500000, 0x000000008e600000|  0%| F|  |TAMS 0x000000008e500000, 0x000000008e500000| Untracked 
| 230|0x000000008e600000, 0x000000008e600000, 0x000000008e700000|  0%| F|  |TAMS 0x000000008e600000, 0x000000008e600000| Untracked 
| 231|0x000000008e700000, 0x000000008e700000, 0x000000008e800000|  0%| F|  |TAMS 0x000000008e700000, 0x000000008e700000| Untracked 
| 232|0x000000008e800000, 0x000000008e800000, 0x000000008e900000|  0%| F|  |TAMS 0x000000008e800000, 0x000000008e800000| Untracked 
| 233|0x000000008e900000, 0x000000008e900000, 0x000000008ea00000|  0%| F|  |TAMS 0x000000008e900000, 0x000000008e900000| Untracked 
| 234|0x000000008ea00000, 0x000000008ea00000, 0x000000008eb00000|  0%| F|  |TAMS 0x000000008ea00000, 0x000000008ea00000| Untracked 
| 235|0x000000008eb00000, 0x000000008eb00000, 0x000000008ec00000|  0%| F|  |TAMS 0x000000008eb00000, 0x000000008eb00000| Untracked 
| 236|0x000000008ec00000, 0x000000008ec00000, 0x000000008ed00000|  0%| F|  |TAMS 0x000000008ec00000, 0x000000008ec00000| Untracked 
| 237|0x000000008ed00000, 0x000000008ed00000, 0x000000008ee00000|  0%| F|  |TAMS 0x000000008ed00000, 0x000000008ed00000| Untracked 
| 238|0x000000008ee00000, 0x000000008ee00000, 0x000000008ef00000|  0%| F|  |TAMS 0x000000008ee00000, 0x000000008ee00000| Untracked 
| 239|0x000000008ef00000, 0x000000008ef00000, 0x000000008f000000|  0%| F|  |TAMS 0x000000008ef00000, 0x000000008ef00000| Untracked 
| 240|0x000000008f000000, 0x000000008f0163d0, 0x000000008f100000|  8%| S|CS|TAMS 0x000000008f000000, 0x000000008f000000| Complete 
| 241|0x000000008f100000, 0x000000008f200000, 0x000000008f200000|100%| S|CS|TAMS 0x000000008f100000, 0x000000008f100000| Complete 
| 242|0x000000008f200000, 0x000000008f200000, 0x000000008f300000|  0%| F|  |TAMS 0x000000008f200000, 0x000000008f200000| Untracked 
| 243|0x000000008f300000, 0x000000008f300000, 0x000000008f400000|  0%| F|  |TAMS 0x000000008f300000, 0x000000008f300000| Untracked 
| 244|0x000000008f400000, 0x000000008f400000, 0x000000008f500000|  0%| F|  |TAMS 0x000000008f400000, 0x000000008f400000| Untracked 
| 245|0x000000008f500000, 0x000000008f500000, 0x000000008f600000|  0%| F|  |TAMS 0x000000008f500000, 0x000000008f500000| Untracked 
| 246|0x000000008f600000, 0x000000008f600000, 0x000000008f700000|  0%| F|  |TAMS 0x000000008f600000, 0x000000008f600000| Untracked 
| 247|0x000000008f700000, 0x000000008f700000, 0x000000008f800000|  0%| F|  |TAMS 0x000000008f700000, 0x000000008f700000| Untracked 
| 248|0x000000008f800000, 0x000000008f800000, 0x000000008f900000|  0%| F|  |TAMS 0x000000008f800000, 0x000000008f800000| Untracked 
| 249|0x000000008f900000, 0x000000008f900000, 0x000000008fa00000|  0%| F|  |TAMS 0x000000008f900000, 0x000000008f900000| Untracked 
| 250|0x000000008fa00000, 0x000000008fa00000, 0x000000008fb00000|  0%| F|  |TAMS 0x000000008fa00000, 0x000000008fa00000| Untracked 
| 251|0x000000008fb00000, 0x000000008fb00000, 0x000000008fc00000|  0%| F|  |TAMS 0x000000008fb00000, 0x000000008fb00000| Untracked 
| 252|0x000000008fc00000, 0x000000008fc00000, 0x000000008fd00000|  0%| F|  |TAMS 0x000000008fc00000, 0x000000008fc00000| Untracked 
| 253|0x000000008fd00000, 0x000000008fd00000, 0x000000008fe00000|  0%| F|  |TAMS 0x000000008fd00000, 0x000000008fd00000| Untracked 
| 254|0x000000008fe00000, 0x000000008fe00000, 0x000000008ff00000|  0%| F|  |TAMS 0x000000008fe00000, 0x000000008fe00000| Untracked 
| 255|0x000000008ff00000, 0x000000008ff00000, 0x0000000090000000|  0%| F|  |TAMS 0x000000008ff00000, 0x000000008ff00000| Untracked 
| 256|0x0000000090000000, 0x0000000090000000, 0x0000000090100000|  0%| F|  |TAMS 0x0000000090000000, 0x0000000090000000| Untracked 
| 257|0x0000000090100000, 0x0000000090100000, 0x0000000090200000|  0%| F|  |TAMS 0x0000000090100000, 0x0000000090100000| Untracked 
| 258|0x0000000090200000, 0x0000000090200000, 0x0000000090300000|  0%| F|  |TAMS 0x0000000090200000, 0x0000000090200000| Untracked 
| 259|0x0000000090300000, 0x0000000090300000, 0x0000000090400000|  0%| F|  |TAMS 0x0000000090300000, 0x0000000090300000| Untracked 
| 260|0x0000000090400000, 0x0000000090400000, 0x0000000090500000|  0%| F|  |TAMS 0x0000000090400000, 0x0000000090400000| Untracked 
| 261|0x0000000090500000, 0x0000000090500000, 0x0000000090600000|  0%| F|  |TAMS 0x0000000090500000, 0x0000000090500000| Untracked 
| 262|0x0000000090600000, 0x0000000090600000, 0x0000000090700000|  0%| F|  |TAMS 0x0000000090600000, 0x0000000090600000| Untracked 
| 263|0x0000000090700000, 0x0000000090700000, 0x0000000090800000|  0%| F|  |TAMS 0x0000000090700000, 0x0000000090700000| Untracked 
| 264|0x0000000090800000, 0x0000000090800000, 0x0000000090900000|  0%| F|  |TAMS 0x0000000090800000, 0x0000000090800000| Untracked 
| 265|0x0000000090900000, 0x0000000090900000, 0x0000000090a00000|  0%| F|  |TAMS 0x0000000090900000, 0x0000000090900000| Untracked 
| 266|0x0000000090a00000, 0x0000000090a00000, 0x0000000090b00000|  0%| F|  |TAMS 0x0000000090a00000, 0x0000000090a00000| Untracked 
| 267|0x0000000090b00000, 0x0000000090b00000, 0x0000000090c00000|  0%| F|  |TAMS 0x0000000090b00000, 0x0000000090b00000| Untracked 
| 268|0x0000000090c00000, 0x0000000090c00000, 0x0000000090d00000|  0%| F|  |TAMS 0x0000000090c00000, 0x0000000090c00000| Untracked 
| 269|0x0000000090d00000, 0x0000000090d00000, 0x0000000090e00000|  0%| F|  |TAMS 0x0000000090d00000, 0x0000000090d00000| Untracked 
| 270|0x0000000090e00000, 0x0000000090e00000, 0x0000000090f00000|  0%| F|  |TAMS 0x0000000090e00000, 0x0000000090e00000| Untracked 
| 271|0x0000000090f00000, 0x0000000090f00000, 0x0000000091000000|  0%| F|  |TAMS 0x0000000090f00000, 0x0000000090f00000| Untracked 
| 272|0x0000000091000000, 0x0000000091000000, 0x0000000091100000|  0%| F|  |TAMS 0x0000000091000000, 0x0000000091000000| Untracked 
| 273|0x0000000091100000, 0x0000000091100000, 0x0000000091200000|  0%| F|  |TAMS 0x0000000091100000, 0x0000000091100000| Untracked 
| 274|0x0000000091200000, 0x0000000091200000, 0x0000000091300000|  0%| F|  |TAMS 0x0000000091200000, 0x0000000091200000| Untracked 
| 275|0x0000000091300000, 0x0000000091300000, 0x0000000091400000|  0%| F|  |TAMS 0x0000000091300000, 0x0000000091300000| Untracked 
| 276|0x0000000091400000, 0x0000000091400000, 0x0000000091500000|  0%| F|  |TAMS 0x0000000091400000, 0x0000000091400000| Untracked 
| 277|0x0000000091500000, 0x0000000091500000, 0x0000000091600000|  0%| F|  |TAMS 0x0000000091500000, 0x0000000091500000| Untracked 
| 278|0x0000000091600000, 0x0000000091600000, 0x0000000091700000|  0%| F|  |TAMS 0x0000000091600000, 0x0000000091600000| Untracked 
| 279|0x0000000091700000, 0x0000000091700000, 0x0000000091800000|  0%| F|  |TAMS 0x0000000091700000, 0x0000000091700000| Untracked 
| 280|0x0000000091800000, 0x0000000091800000, 0x0000000091900000|  0%| F|  |TAMS 0x0000000091800000, 0x0000000091800000| Untracked 
| 281|0x0000000091900000, 0x0000000091900000, 0x0000000091a00000|  0%| F|  |TAMS 0x0000000091900000, 0x0000000091900000| Untracked 
| 282|0x0000000091a00000, 0x0000000091a00000, 0x0000000091b00000|  0%| F|  |TAMS 0x0000000091a00000, 0x0000000091a00000| Untracked 
| 283|0x0000000091b00000, 0x0000000091b00000, 0x0000000091c00000|  0%| F|  |TAMS 0x0000000091b00000, 0x0000000091b00000| Untracked 
| 284|0x0000000091c00000, 0x0000000091c00000, 0x0000000091d00000|  0%| F|  |TAMS 0x0000000091c00000, 0x0000000091c00000| Untracked 
| 285|0x0000000091d00000, 0x0000000091d00000, 0x0000000091e00000|  0%| F|  |TAMS 0x0000000091d00000, 0x0000000091d00000| Untracked 
| 286|0x0000000091e00000, 0x0000000091e00000, 0x0000000091f00000|  0%| F|  |TAMS 0x0000000091e00000, 0x0000000091e00000| Untracked 
| 287|0x0000000091f00000, 0x0000000091f00000, 0x0000000092000000|  0%| F|  |TAMS 0x0000000091f00000, 0x0000000091f00000| Untracked 
| 288|0x0000000092000000, 0x0000000092000000, 0x0000000092100000|  0%| F|  |TAMS 0x0000000092000000, 0x0000000092000000| Untracked 
| 289|0x0000000092100000, 0x0000000092100000, 0x0000000092200000|  0%| F|  |TAMS 0x0000000092100000, 0x0000000092100000| Untracked 
| 290|0x0000000092200000, 0x0000000092200000, 0x0000000092300000|  0%| F|  |TAMS 0x0000000092200000, 0x0000000092200000| Untracked 
| 291|0x0000000092300000, 0x0000000092300000, 0x0000000092400000|  0%| F|  |TAMS 0x0000000092300000, 0x0000000092300000| Untracked 
| 292|0x0000000092400000, 0x0000000092400000, 0x0000000092500000|  0%| F|  |TAMS 0x0000000092400000, 0x0000000092400000| Untracked 
| 293|0x0000000092500000, 0x0000000092500000, 0x0000000092600000|  0%| F|  |TAMS 0x0000000092500000, 0x0000000092500000| Untracked 
| 294|0x0000000092600000, 0x0000000092600000, 0x0000000092700000|  0%| F|  |TAMS 0x0000000092600000, 0x0000000092600000| Untracked 
| 295|0x0000000092700000, 0x0000000092700000, 0x0000000092800000|  0%| F|  |TAMS 0x0000000092700000, 0x0000000092700000| Untracked 
| 296|0x0000000092800000, 0x0000000092800000, 0x0000000092900000|  0%| F|  |TAMS 0x0000000092800000, 0x0000000092800000| Untracked 
| 297|0x0000000092900000, 0x0000000092900000, 0x0000000092a00000|  0%| F|  |TAMS 0x0000000092900000, 0x0000000092900000| Untracked 
| 298|0x0000000092a00000, 0x0000000092a00000, 0x0000000092b00000|  0%| F|  |TAMS 0x0000000092a00000, 0x0000000092a00000| Untracked 
| 299|0x0000000092b00000, 0x0000000092b00000, 0x0000000092c00000|  0%| F|  |TAMS 0x0000000092b00000, 0x0000000092b00000| Untracked 
| 300|0x0000000092c00000, 0x0000000092c00000, 0x0000000092d00000|  0%| F|  |TAMS 0x0000000092c00000, 0x0000000092c00000| Untracked 
| 301|0x0000000092d00000, 0x0000000092d00000, 0x0000000092e00000|  0%| F|  |TAMS 0x0000000092d00000, 0x0000000092d00000| Untracked 
| 302|0x0000000092e00000, 0x0000000092e00000, 0x0000000092f00000|  0%| F|  |TAMS 0x0000000092e00000, 0x0000000092e00000| Untracked 
| 303|0x0000000092f00000, 0x0000000092f00000, 0x0000000093000000|  0%| F|  |TAMS 0x0000000092f00000, 0x0000000092f00000| Untracked 
| 304|0x0000000093000000, 0x0000000093000000, 0x0000000093100000|  0%| F|  |TAMS 0x0000000093000000, 0x0000000093000000| Untracked 
| 305|0x0000000093100000, 0x0000000093100000, 0x0000000093200000|  0%| F|  |TAMS 0x0000000093100000, 0x0000000093100000| Untracked 
| 306|0x0000000093200000, 0x0000000093200000, 0x0000000093300000|  0%| F|  |TAMS 0x0000000093200000, 0x0000000093200000| Untracked 
| 307|0x0000000093300000, 0x0000000093300000, 0x0000000093400000|  0%| F|  |TAMS 0x0000000093300000, 0x0000000093300000| Untracked 
| 308|0x0000000093400000, 0x0000000093400000, 0x0000000093500000|  0%| F|  |TAMS 0x0000000093400000, 0x0000000093400000| Untracked 
| 309|0x0000000093500000, 0x0000000093500000, 0x0000000093600000|  0%| F|  |TAMS 0x0000000093500000, 0x0000000093500000| Untracked 
| 310|0x0000000093600000, 0x0000000093600000, 0x0000000093700000|  0%| F|  |TAMS 0x0000000093600000, 0x0000000093600000| Untracked 
| 311|0x0000000093700000, 0x0000000093700000, 0x0000000093800000|  0%| F|  |TAMS 0x0000000093700000, 0x0000000093700000| Untracked 
| 312|0x0000000093800000, 0x0000000093800000, 0x0000000093900000|  0%| F|  |TAMS 0x0000000093800000, 0x0000000093800000| Untracked 
| 313|0x0000000093900000, 0x0000000093900000, 0x0000000093a00000|  0%| F|  |TAMS 0x0000000093900000, 0x0000000093900000| Untracked 
| 314|0x0000000093a00000, 0x0000000093a00000, 0x0000000093b00000|  0%| F|  |TAMS 0x0000000093a00000, 0x0000000093a00000| Untracked 
| 315|0x0000000093b00000, 0x0000000093b00000, 0x0000000093c00000|  0%| F|  |TAMS 0x0000000093b00000, 0x0000000093b00000| Untracked 
| 316|0x0000000093c00000, 0x0000000093c00000, 0x0000000093d00000|  0%| F|  |TAMS 0x0000000093c00000, 0x0000000093c00000| Untracked 
| 317|0x0000000093d00000, 0x0000000093d00000, 0x0000000093e00000|  0%| F|  |TAMS 0x0000000093d00000, 0x0000000093d00000| Untracked 
| 318|0x0000000093e00000, 0x0000000093e00000, 0x0000000093f00000|  0%| F|  |TAMS 0x0000000093e00000, 0x0000000093e00000| Untracked 
| 319|0x0000000093f00000, 0x0000000093f00000, 0x0000000094000000|  0%| F|  |TAMS 0x0000000093f00000, 0x0000000093f00000| Untracked 
| 320|0x0000000094000000, 0x0000000094000000, 0x0000000094100000|  0%| F|  |TAMS 0x0000000094000000, 0x0000000094000000| Untracked 
| 321|0x0000000094100000, 0x0000000094100000, 0x0000000094200000|  0%| F|  |TAMS 0x0000000094100000, 0x0000000094100000| Untracked 
| 322|0x0000000094200000, 0x0000000094200000, 0x0000000094300000|  0%| F|  |TAMS 0x0000000094200000, 0x0000000094200000| Untracked 
| 323|0x0000000094300000, 0x0000000094300000, 0x0000000094400000|  0%| F|  |TAMS 0x0000000094300000, 0x0000000094300000| Untracked 
| 324|0x0000000094400000, 0x0000000094400000, 0x0000000094500000|  0%| F|  |TAMS 0x0000000094400000, 0x0000000094400000| Untracked 
| 325|0x0000000094500000, 0x0000000094500000, 0x0000000094600000|  0%| F|  |TAMS 0x0000000094500000, 0x0000000094500000| Untracked 
| 326|0x0000000094600000, 0x0000000094600000, 0x0000000094700000|  0%| F|  |TAMS 0x0000000094600000, 0x0000000094600000| Untracked 
| 327|0x0000000094700000, 0x0000000094700000, 0x0000000094800000|  0%| F|  |TAMS 0x0000000094700000, 0x0000000094700000| Untracked 
| 328|0x0000000094800000, 0x0000000094800000, 0x0000000094900000|  0%| F|  |TAMS 0x0000000094800000, 0x0000000094800000| Untracked 
| 329|0x0000000094900000, 0x0000000094900000, 0x0000000094a00000|  0%| F|  |TAMS 0x0000000094900000, 0x0000000094900000| Untracked 
| 330|0x0000000094a00000, 0x0000000094a00000, 0x0000000094b00000|  0%| F|  |TAMS 0x0000000094a00000, 0x0000000094a00000| Untracked 
| 331|0x0000000094b00000, 0x0000000094b00000, 0x0000000094c00000|  0%| F|  |TAMS 0x0000000094b00000, 0x0000000094b00000| Untracked 
| 332|0x0000000094c00000, 0x0000000094c00000, 0x0000000094d00000|  0%| F|  |TAMS 0x0000000094c00000, 0x0000000094c00000| Untracked 
| 333|0x0000000094d00000, 0x0000000094d00000, 0x0000000094e00000|  0%| F|  |TAMS 0x0000000094d00000, 0x0000000094d00000| Untracked 

Card table byte_map: [0x000001f52a770000,0x000001f52ab70000] _byte_map_base: 0x000001f52a370000

Marking Bits (Prev, Next): (CMBitMap*) 0x000001f515a9fc68, (CMBitMap*) 0x000001f515a9fca0
 Prev Bits: [0x000001f52af70000, 0x000001f52cf70000)
 Next Bits: [0x000001f52cf70000, 0x000001f52ef70000)

Polling page: 0x000001f515b40000

Metaspace:

Usage:
  Non-class:    124.79 MB capacity,   122.34 MB ( 98%) used,     2.00 MB (  2%) free+waste,   469.13 KB ( <1%) overhead. 
      Class:     18.61 MB capacity,    17.19 MB ( 92%) used,     1.22 MB (  7%) free+waste,   204.56 KB (  1%) overhead. 
       Both:    143.40 MB capacity,   139.53 MB ( 97%) used,     3.22 MB (  2%) free+waste,   673.69 KB ( <1%) overhead. 

Virtual space:
  Non-class space:      126.00 MB reserved,     125.00 MB (>99%) committed 
      Class space:        1.00 GB reserved,      18.70 MB (  2%) committed 
             Both:        1.12 GB reserved,     143.70 MB ( 12%) committed 

Chunk freelists:
   Non-Class:  18.00 KB
       Class:  0 bytes
        Both:  18.00 KB

MaxMetaspaceSize: 17179869184.00 GB
CompressedClassSpaceSize: 1.00 GB
Initial GC threshold: 20.80 MB
Current GC threshold: 239.50 MB
CDS: off

CodeHeap 'non-profiled nmethods': size=120064Kb used=16286Kb max_used=16286Kb free=103777Kb
 bounds [0x000001f522810000, 0x000001f523840000, 0x000001f529d50000]
CodeHeap 'profiled nmethods': size=120000Kb used=53904Kb max_used=55055Kb free=66095Kb
 bounds [0x000001f51b2e0000, 0x000001f51e910000, 0x000001f522810000]
CodeHeap 'non-nmethods': size=5696Kb used=2506Kb max_used=2588Kb free=3189Kb
 bounds [0x000001f51ad50000, 0x000001f51aff0000, 0x000001f51b2e0000]
 total_blobs=24511 nmethods=23476 adapters=946
 compilation: enabled
              stopped_count=0, restarted_count=0
 full_count=0

Compilation events (20 events):
Event: 1431.347 Thread 0x000001f5315e6000 26955       2       com.android.tools.r8.internal.zV::e (22 bytes)
Event: 1431.348 Thread 0x000001f5315e6000 nmethod 26955 0x000001f51ba81310 code [0x000001f51ba81500, 0x000001f51ba819c8]
Event: 1431.348 Thread 0x000001f5315e6000 26956       2       com.android.tools.r8.internal.zV::l (12 bytes)
Event: 1431.348 Thread 0x000001f5315e6000 nmethod 26956 0x000001f51cd24910 code [0x000001f51cd24ae0, 0x000001f51cd24ca8]
Event: 1431.358 Thread 0x000001f5315e6000 26957       2       com.android.tools.r8.code.W0::a (17 bytes)
Event: 1431.358 Thread 0x000001f5315e6000 nmethod 26957 0x000001f51d2d5010 code [0x000001f51d2d51c0, 0x000001f51d2d5328]
Event: 1431.358 Thread 0x000001f5315e6000 26958       2       com.android.tools.r8.code.W0$$Lambda$1780/0x0000000101221840::a (5 bytes)
Event: 1431.359 Thread 0x000001f5315e6000 nmethod 26958 0x000001f51d392390 code [0x000001f51d392540, 0x000001f51d392648]
Event: 1431.359 Thread 0x000001f5315e6000 26959       2       com.android.tools.r8.code.W0::a (59 bytes)
Event: 1431.359 Thread 0x000001f5315e6000 nmethod 26959 0x000001f51d95a410 code [0x000001f51d95a620, 0x000001f51d95a868]
Event: 1431.439 Thread 0x000001f5315e6000 26961       2       com.android.tools.r8.internal.bO::b (16 bytes)
Event: 1431.440 Thread 0x000001f5315e6000 nmethod 26961 0x000001f51b9e8c10 code [0x000001f51b9e8de0, 0x000001f51b9e8fb8]
Event: 1431.440 Thread 0x000001f5315e6000 26962       2       com.android.tools.r8.internal.hO::a (48 bytes)
Event: 1431.440 Thread 0x000001f5315e6000 nmethod 26962 0x000001f51bb89490 code [0x000001f51bb89680, 0x000001f51bb899a8]
Event: 1431.463 Thread 0x000001f5315e6000 26966       3       com.android.tools.r8.internal.sg::<init> (354 bytes)
Event: 1431.466 Thread 0x000001f5315e6000 nmethod 26966 0x000001f51caf6190 code [0x000001f51caf65e0, 0x000001f51caf89a8]
Event: 1431.546 Thread 0x000001f5315e6000 26967       2       com.android.tools.r8.internal.Ql::a (115 bytes)
Event: 1431.547 Thread 0x000001f5315e6000 nmethod 26967 0x000001f51c01ef10 code [0x000001f51c01f140, 0x000001f51c01f638]
Event: 1431.576 Thread 0x000001f53bcef000 nmethod 26943 0x000001f523832490 code [0x000001f523832820, 0x000001f5238365c8]
Event: 1431.576 Thread 0x000001f53bcef000 25952       4       com.android.tools.r8.internal.mn::a (88 bytes)

GC Heap History (20 events):
Event: 1426.163 GC heap after
{Heap after GC invocations=125 (full 0):
 garbage-first heap   total 342016K, used 199070K [0x0000000080000000, 0x0000000100000000)
  region size 1024K, 1 young (1024K), 1 survivors (1024K)
 Metaspace       used 142642K, capacity 146599K, committed 146892K, reserved 1177600K
  class space    used 17580K, capacity 19040K, committed 19148K, reserved 1048576K
}
Event: 1426.702 GC heap before
{Heap before GC invocations=125 (full 0):
 garbage-first heap   total 342016K, used 292254K [0x0000000080000000, 0x0000000100000000)
  region size 1024K, 92 young (94208K), 1 survivors (1024K)
 Metaspace       used 142672K, capacity 146673K, committed 146892K, reserved 1177600K
  class space    used 17581K, capacity 19043K, committed 19148K, reserved 1048576K
}
Event: 1426.712 GC heap after
{Heap after GC invocations=126 (full 0):
 garbage-first heap   total 342016K, used 200075K [0x0000000080000000, 0x0000000100000000)
  region size 1024K, 2 young (2048K), 2 survivors (2048K)
 Metaspace       used 142672K, capacity 146673K, committed 146892K, reserved 1177600K
  class space    used 17581K, capacity 19043K, committed 19148K, reserved 1048576K
}
Event: 1427.784 GC heap before
{Heap before GC invocations=127 (full 0):
 garbage-first heap   total 342016K, used 295307K [0x0000000080000000, 0x0000000100000000)
  region size 1024K, 95 young (97280K), 2 survivors (2048K)
 Metaspace       used 142773K, capacity 146765K, committed 146892K, reserved 1177600K
  class space    used 17589K, capacity 19049K, committed 19148K, reserved 1048576K
}
Event: 1427.793 GC heap after
{Heap after GC invocations=128 (full 0):
 garbage-first heap   total 342016K, used 199699K [0x0000000080000000, 0x0000000100000000)
  region size 1024K, 2 young (2048K), 2 survivors (2048K)
 Metaspace       used 142773K, capacity 146765K, committed 146892K, reserved 1177600K
  class space    used 17589K, capacity 19049K, committed 19148K, reserved 1048576K
}
Event: 1427.878 GC heap before
{Heap before GC invocations=128 (full 0):
 garbage-first heap   total 342016K, used 214035K [0x0000000080000000, 0x0000000100000000)
  region size 1024K, 16 young (16384K), 2 survivors (2048K)
 Metaspace       used 142774K, capacity 146765K, committed 146892K, reserved 1177600K
  class space    used 17589K, capacity 19049K, committed 19148K, reserved 1048576K
}
Event: 1427.889 GC heap after
{Heap after GC invocations=129 (full 0):
 garbage-first heap   total 342016K, used 197636K [0x0000000080000000, 0x0000000100000000)
  region size 1024K, 2 young (2048K), 2 survivors (2048K)
 Metaspace       used 142774K, capacity 146765K, committed 146892K, reserved 1177600K
  class space    used 17589K, capacity 19049K, committed 19148K, reserved 1048576K
}
Event: 1428.316 GC heap before
{Heap before GC invocations=129 (full 0):
 garbage-first heap   total 342016K, used 294916K [0x0000000080000000, 0x0000000100000000)
  region size 1024K, 98 young (100352K), 2 survivors (2048K)
 Metaspace       used 142784K, capacity 146767K, committed 146892K, reserved 1177600K
  class space    used 17589K, capacity 19049K, committed 19148K, reserved 1048576K
}
Event: 1428.437 GC heap after
{Heap after GC invocations=130 (full 0):
 garbage-first heap   total 342016K, used 205224K [0x0000000080000000, 0x0000000100000000)
  region size 1024K, 9 young (9216K), 9 survivors (9216K)
 Metaspace       used 142784K, capacity 146767K, committed 146892K, reserved 1177600K
  class space    used 17589K, capacity 19049K, committed 19148K, reserved 1048576K
}
Event: 1429.481 GC heap before
{Heap before GC invocations=131 (full 0):
 garbage-first heap   total 342016K, used 293288K [0x0000000080000000, 0x0000000100000000)
  region size 1024K, 95 young (97280K), 9 survivors (9216K)
 Metaspace       used 142813K, capacity 146767K, committed 146892K, reserved 1177600K
  class space    used 17595K, capacity 19049K, committed 19148K, reserved 1048576K
}
Event: 1429.500 GC heap after
{Heap after GC invocations=132 (full 0):
 garbage-first heap   total 342016K, used 206769K [0x0000000080000000, 0x0000000100000000)
  region size 1024K, 3 young (3072K), 3 survivors (3072K)
 Metaspace       used 142813K, capacity 146767K, committed 146892K, reserved 1177600K
  class space    used 17595K, capacity 19049K, committed 19148K, reserved 1048576K
}
Event: 1429.576 GC heap before
{Heap before GC invocations=132 (full 0):
 garbage-first heap   total 342016K, used 220081K [0x0000000080000000, 0x0000000100000000)
  region size 1024K, 16 young (16384K), 3 survivors (3072K)
 Metaspace       used 142826K, capacity 146767K, committed 146892K, reserved 1177600K
  class space    used 17597K, capacity 19049K, committed 19148K, reserved 1048576K
}
Event: 1429.594 GC heap after
{Heap after GC invocations=133 (full 0):
 garbage-first heap   total 342016K, used 204962K [0x0000000080000000, 0x0000000100000000)
  region size 1024K, 1 young (1024K), 1 survivors (1024K)
 Metaspace       used 142826K, capacity 146767K, committed 146892K, reserved 1177600K
  class space    used 17597K, capacity 19049K, committed 19148K, reserved 1048576K
}
Event: 1430.100 GC heap before
{Heap before GC invocations=133 (full 0):
 garbage-first heap   total 342016K, used 293026K [0x0000000080000000, 0x0000000100000000)
  region size 1024K, 87 young (89088K), 1 survivors (1024K)
 Metaspace       used 142854K, capacity 146839K, committed 147148K, reserved 1177600K
  class space    used 17599K, capacity 19052K, committed 19148K, reserved 1048576K
}
Event: 1430.106 GC heap after
{Heap after GC invocations=134 (full 0):
 garbage-first heap   total 342016K, used 204885K [0x0000000080000000, 0x0000000100000000)
  region size 1024K, 1 young (1024K), 1 survivors (1024K)
 Metaspace       used 142854K, capacity 146839K, committed 147148K, reserved 1177600K
  class space    used 17599K, capacity 19052K, committed 19148K, reserved 1048576K
}
Event: 1431.088 GC heap before
{Heap before GC invocations=135 (full 0):
 garbage-first heap   total 342016K, used 294997K [0x0000000080000000, 0x0000000100000000)
  region size 1024K, 89 young (91136K), 1 survivors (1024K)
 Metaspace       used 142863K, capacity 146839K, committed 147148K, reserved 1177600K
  class space    used 17599K, capacity 19052K, committed 19148K, reserved 1048576K
}
Event: 1431.094 GC heap after
{Heap after GC invocations=136 (full 0):
 garbage-first heap   total 342016K, used 205656K [0x0000000080000000, 0x0000000100000000)
  region size 1024K, 2 young (2048K), 2 survivors (2048K)
 Metaspace       used 142863K, capacity 146839K, committed 147148K, reserved 1177600K
  class space    used 17599K, capacity 19052K, committed 19148K, reserved 1048576K
}
Event: 1431.183 GC heap before
{Heap before GC invocations=136 (full 0):
 garbage-first heap   total 342016K, used 218968K [0x0000000080000000, 0x0000000100000000)
  region size 1024K, 16 young (16384K), 2 survivors (2048K)
 Metaspace       used 142863K, capacity 146839K, committed 147148K, reserved 1177600K
  class space    used 17599K, capacity 19052K, committed 19148K, reserved 1048576K
}
Event: 1431.205 GC heap after
{Heap after GC invocations=137 (full 0):
 garbage-first heap   total 342016K, used 202646K [0x0000000080000000, 0x0000000100000000)
  region size 1024K, 1 young (1024K), 1 survivors (1024K)
 Metaspace       used 142863K, capacity 146839K, committed 147148K, reserved 1177600K
  class space    used 17599K, capacity 19052K, committed 19148K, reserved 1048576K
}
Event: 1431.667 GC heap before
{Heap before GC invocations=137 (full 0):
 garbage-first heap   total 342016K, used 295830K [0x0000000080000000, 0x0000000100000000)
  region size 1024K, 92 young (94208K), 1 survivors (1024K)
 Metaspace       used 142873K, capacity 146843K, committed 147148K, reserved 1177600K
  class space    used 17600K, capacity 19053K, committed 19148K, reserved 1048576K
}

Deoptimization events (20 events):
Event: 1430.451 Thread 0x000001f5391ea800 DEOPT PACKING pc=0x000001f522f8d024 sp=0x0000005c62ff9690
Event: 1430.451 Thread 0x000001f5391ea800 DEOPT UNPACKING pc=0x000001f51ad9a1af sp=0x0000005c62ff95a0 mode 2
Event: 1430.554 Thread 0x000001f533a0a800 DEOPT PACKING pc=0x000001f51e80328a sp=0x0000005c64ef9290
Event: 1430.554 Thread 0x000001f533a0a800 DEOPT UNPACKING pc=0x000001f51ad9a95e sp=0x0000005c64ef87f0 mode 0
Event: 1431.065 Thread 0x000001f5391ea800 DEOPT PACKING pc=0x000001f51e4f7ec6 sp=0x0000005c62ff9180
Event: 1431.065 Thread 0x000001f5391ea800 DEOPT UNPACKING pc=0x000001f51ad9a95e sp=0x0000005c62ff8940 mode 0
Event: 1431.157 Thread 0x000001f533a0a800 DEOPT PACKING pc=0x000001f51e4f7ec6 sp=0x0000005c64ef90b0
Event: 1431.158 Thread 0x000001f533a0a800 DEOPT UNPACKING pc=0x000001f51ad9a95e sp=0x0000005c64ef8870 mode 0
Event: 1431.219 Thread 0x000001f533a0a800 DEOPT PACKING pc=0x000001f51e4f7ec6 sp=0x0000005c64ef90b0
Event: 1431.219 Thread 0x000001f533a0a800 DEOPT UNPACKING pc=0x000001f51ad9a95e sp=0x0000005c64ef8870 mode 0
Event: 1431.220 Thread 0x000001f533a0a800 Uncommon trap: trap_request=0xffffff76 fr.pc=0x000001f5238166c8 relative=0x0000000000007608
Event: 1431.221 Thread 0x000001f533a0a800 Uncommon trap: reason=loop_limit_check action=maybe_recompile pc=0x000001f5238166c8 method=com.android.tools.r8.ir.regalloc.b.a(Lcom/android/tools/r8/internal/xq;Lcom/android/tools/r8/internal/xq;Lcom/android/tools/r8/internal/MJ;)Lcom/android/tools/r8/in
Event: 1431.221 Thread 0x000001f533a0a800 DEOPT PACKING pc=0x000001f5238166c8 sp=0x0000005c64ef9340
Event: 1431.221 Thread 0x000001f533a0a800 DEOPT UNPACKING pc=0x000001f51ad9a1af sp=0x0000005c64ef92e8 mode 2
Event: 1431.222 Thread 0x000001f533a0a800 Uncommon trap: trap_request=0xffffff4d fr.pc=0x000001f522f133d0 relative=0x0000000000001ef0
Event: 1431.222 Thread 0x000001f533a0a800 Uncommon trap: reason=unstable_if action=reinterpret pc=0x000001f522f133d0 method=com.android.tools.r8.ir.regalloc.c.d(I)Lcom/android/tools/r8/ir/regalloc/c; @ 147 c2
Event: 1431.222 Thread 0x000001f533a0a800 DEOPT PACKING pc=0x000001f522f133d0 sp=0x0000005c64ef9260
Event: 1431.222 Thread 0x000001f533a0a800 DEOPT UNPACKING pc=0x000001f51ad9a1af sp=0x0000005c64ef90c0 mode 2
Event: 1431.258 Thread 0x000001f533a03000 DEOPT PACKING pc=0x000001f51e6b3ae4 sp=0x0000005c645f91e0
Event: 1431.258 Thread 0x000001f533a03000 DEOPT UNPACKING pc=0x000001f51ad9a95e sp=0x0000005c645f86a0 mode 0

Classes redefined (0 events):
No events

Internal exceptions (20 events):
Event: 1415.262 Thread 0x000001f538417800 Exception <a 'java/lang/IncompatibleClassChangeError'{0x000000008f9b4d28}: Found class java.lang.Object, but interface was expected> (0x000000008f9b4d28) thrown at [./src/hotspot/share/interpreter/linkResolver.cpp, line 839]
Event: 1415.263 Thread 0x000001f538417800 Exception <a 'java/lang/IncompatibleClassChangeError'{0x000000008f9be0b8}: Found class java.lang.Object, but interface was expected> (0x000000008f9be0b8) thrown at [./src/hotspot/share/interpreter/linkResolver.cpp, line 839]
Event: 1415.576 Thread 0x000001f533a0a800 Exception <a 'java/lang/NoSuchMethodError'{0x000000008f1968f8}: 'void java.lang.invoke.DirectMethodHandle$Holder.invokeSpecial(java.lang.Object, java.lang.Object, int, java.lang.Object)'> (0x000000008f1968f8) thrown at [./src/hotspot/share/interpreter/linkResolver.cpp, line 773]
Event: 1415.932 Thread 0x000001f533a0a800 Exception <a 'java/lang/NoSuchMethodError'{0x00000000940a4c80}: 'java.lang.Object java.lang.invoke.DirectMethodHandle$Holder.newInvokeSpecial(java.lang.Object, int)'> (0x00000000940a4c80) thrown at [./src/hotspot/share/interpreter/linkResolver.cpp, line 773]
Event: 1416.199 Thread 0x000001f534c24000 Exception <a 'sun/nio/fs/WindowsException'{0x00000000925ea2e8}> (0x00000000925ea2e8) thrown at [./src/hotspot/share/prims/jni.cpp, line 615]
Event: 1416.202 Thread 0x000001f534c24000 Exception <a 'sun/nio/fs/WindowsException'{0x0000000092434858}> (0x0000000092434858) thrown at [./src/hotspot/share/prims/jni.cpp, line 615]
Event: 1416.202 Thread 0x000001f534c24000 Exception <a 'sun/nio/fs/WindowsException'{0x0000000092434940}> (0x0000000092434940) thrown at [./src/hotspot/share/prims/jni.cpp, line 615]
Event: 1416.208 Thread 0x000001f534c24000 Implicit null exception at 0x000001f522e86bcb to 0x000001f522e87315
Event: 1418.022 Thread 0x000001f533a03000 Exception <a 'sun/nio/fs/WindowsException'{0x00000000915f8490}> (0x00000000915f8490) thrown at [./src/hotspot/share/prims/jni.cpp, line 615]
Event: 1418.082 Thread 0x000001f533a0a800 Exception <a 'java/lang/NoSuchMethodError'{0x000000009108c920}: 'int java.lang.invoke.DirectMethodHandle$Holder.invokeInterface(java.lang.Object, java.lang.Object, int)'> (0x000000009108c920) thrown at [./src/hotspot/share/interpreter/linkResolver.cpp, line 773]
Event: 1422.739 Thread 0x000001f538417800 Exception <a 'java/lang/NoSuchMethodError'{0x00000000908e2668}: 'java.lang.Object java.lang.invoke.Invokers$Holder.linkToTargetMethod(java.lang.Object, int, java.lang.Object, java.lang.Object, java.lang.Object, java.lang.Object)'> (0x00000000908e2668) thrown at [./src/hotspot/share/interpreter/linkResolver.cpp, line 773]
Event: 1422.823 Thread 0x000001f538417800 Exception <a 'java/lang/NoSuchMethodError'{0x0000000094d09bf8}: 'java.lang.Object java.lang.invoke.DirectMethodHandle$Holder.invokeStatic(java.lang.Object, java.lang.Object, java.lang.Object, java.lang.Object, int, java.lang.Object, java.lang.Object)'> (0x0000000094d09bf8) thrown at [./src/hotspot/share/interpreter/linkResolver.cpp, line 773]
Event: 1422.824 Thread 0x000001f538417800 Exception <a 'java/lang/NoSuchMethodError'{0x0000000094d116f0}: 'java.lang.Object java.lang.invoke.Invokers$Holder.linkToTargetMethod(java.lang.Object, java.lang.Object, java.lang.Object, int, java.lang.Object, java.lang.Object, java.lang.Object)'> (0x0000000094d116f0) thrown at [./src/hotspot/share/interpreter/linkResolver.cpp, line 773]
Event: 1422.827 Thread 0x000001f538417800 Exception <a 'java/lang/NoSuchMethodError'{0x0000000094d26ce0}: 'void java.lang.invoke.DirectMethodHandle$Holder.invokeStatic(java.lang.Object, java.lang.Object, java.lang.Object, java.lang.Object, java.lang.Object, java.lang.Object, java.lang.Object, java.lang.Object)'> (0x0000000094d26ce0) thrown at [./src/hotspot/share/interpreter/linkResolver.cpp, line 773]
Event: 1423.365 Thread 0x000001f538417800 Exception <a 'java/lang/IncompatibleClassChangeError'{0x000000009368a190}: Found class java.lang.Object, but interface was expected> (0x000000009368a190) thrown at [./src/hotspot/share/interpreter/linkResolver.cpp, line 839]
Event: 1424.203 Thread 0x000001f538417800 Exception <a 'java/lang/NoSuchMethodError'{0x0000000090596818}: 'void java.lang.invoke.DirectMethodHandle$Holder.invokeSpecial(java.lang.Object, java.lang.Object, int)'> (0x0000000090596818) thrown at [./src/hotspot/share/interpreter/linkResolver.cpp, line 773]
Event: 1424.470 Thread 0x000001f538417800 Exception <a 'sun/nio/fs/WindowsException'{0x0000000094d9edb0}> (0x0000000094d9edb0) thrown at [./src/hotspot/share/prims/jni.cpp, line 615]
Event: 1424.678 Thread 0x000001f538417800 Exception <a 'sun/nio/fs/WindowsException'{0x0000000091c56c70}> (0x0000000091c56c70) thrown at [./src/hotspot/share/prims/jni.cpp, line 615]
Event: 1427.400 Thread 0x000001f538417800 Exception <a 'sun/nio/fs/WindowsException'{0x0000000091699f38}> (0x0000000091699f38) thrown at [./src/hotspot/share/prims/jni.cpp, line 615]
Event: 1427.948 Thread 0x000001f538417800 Exception <a 'sun/nio/fs/WindowsException'{0x00000000941d46e0}> (0x00000000941d46e0) thrown at [./src/hotspot/share/prims/jni.cpp, line 615]

Events (20 events):
Event: 1429.659 loading class com/android/tools/r8/code/E0 done
Event: 1429.659 loading class com/android/tools/r8/code/E0
Event: 1429.659 loading class com/android/tools/r8/code/E0 done
Event: 1429.659 loading class com/android/tools/r8/code/E0
Event: 1429.659 loading class com/android/tools/r8/code/E0 done
Event: 1430.099 Executing VM operation: G1CollectForAllocation
Event: 1430.106 Executing VM operation: G1CollectForAllocation done
Event: 1430.701 Executing VM operation: CGC_Operation
Event: 1430.735 Executing VM operation: CGC_Operation done
Event: 1431.042 Executing VM operation: CGC_Operation
Event: 1431.049 Executing VM operation: CGC_Operation done
Event: 1431.080 Executing VM operation: G1CollectForAllocation
Event: 1431.094 Executing VM operation: G1CollectForAllocation done
Event: 1431.183 Executing VM operation: G1CollectForAllocation
Event: 1431.205 Executing VM operation: G1CollectForAllocation done
Event: 1431.371 loading class com/android/tools/r8/code/H0
Event: 1431.371 loading class com/android/tools/r8/code/H0 done
Event: 1431.371 loading class com/android/tools/r8/code/H0
Event: 1431.371 loading class com/android/tools/r8/code/H0 done
Event: 1431.666 Executing VM operation: G1CollectForAllocation


Dynamic libraries:
0x00007ff791040000 - 0x00007ff79104a000 	C:\Program Files\Android\Android Studio\jre\bin\java.exe
0x00007ffff3750000 - 0x00007ffff3945000 	C:\WINDOWS\SYSTEM32\ntdll.dll
0x00007ffff2910000 - 0x00007ffff29ce000 	C:\WINDOWS\System32\KERNEL32.DLL
0x00007ffff1420000 - 0x00007ffff16e8000 	C:\WINDOWS\System32\KERNELBASE.dll
0x00007ffff1320000 - 0x00007ffff1420000 	C:\WINDOWS\System32\ucrtbase.dll
0x00007fffea5f0000 - 0x00007fffea607000 	C:\Program Files\Android\Android Studio\jre\bin\VCRUNTIME140.dll
0x00007fffea5d0000 - 0x00007fffea5e9000 	C:\Program Files\Android\Android Studio\jre\bin\jli.dll
0x00007ffff1e90000 - 0x00007ffff2030000 	C:\WINDOWS\System32\USER32.dll
0x00007ffff1140000 - 0x00007ffff1162000 	C:\WINDOWS\System32\win32u.dll
0x00007fffe1ae0000 - 0x00007fffe1d7a000 	C:\WINDOWS\WinSxS\amd64_microsoft.windows.common-controls_6595b64144ccf1df_6.0.19041.1110_none_60b5254171f9507e\COMCTL32.dll
0x00007ffff1e00000 - 0x00007ffff1e2b000 	C:\WINDOWS\System32\GDI32.dll
0x00007ffff3490000 - 0x00007ffff352e000 	C:\WINDOWS\System32\msvcrt.dll
0x00007ffff1170000 - 0x00007ffff127b000 	C:\WINDOWS\System32\gdi32full.dll
0x00007ffff1280000 - 0x00007ffff131d000 	C:\WINDOWS\System32\msvcp_win.dll
0x00007ffff3530000 - 0x00007ffff3560000 	C:\WINDOWS\System32\IMM32.DLL
0x00007fffe7cf0000 - 0x00007fffe7d8d000 	C:\Program Files\Android\Android Studio\jre\bin\msvcp140.dll
0x00007fffc6960000 - 0x00007fffc7445000 	C:\Program Files\Android\Android Studio\jre\bin\server\jvm.dll
0x00007ffff1c20000 - 0x00007ffff1cce000 	C:\WINDOWS\System32\ADVAPI32.dll
0x00007ffff2de0000 - 0x00007ffff2e7c000 	C:\WINDOWS\System32\sechost.dll
0x00007ffff31b0000 - 0x00007ffff32d5000 	C:\WINDOWS\System32\RPCRT4.dll
0x00007ffff21a0000 - 0x00007ffff21a8000 	C:\WINDOWS\System32\PSAPI.DLL
0x00007fffdfb40000 - 0x00007fffdfb4a000 	C:\WINDOWS\SYSTEM32\VERSION.dll
0x00007fffe0af0000 - 0x00007fffe0b17000 	C:\WINDOWS\SYSTEM32\WINMM.dll
0x00007fffec990000 - 0x00007fffec999000 	C:\WINDOWS\SYSTEM32\WSOCK32.dll
0x00007ffff2110000 - 0x00007ffff217b000 	C:\WINDOWS\System32\WS2_32.dll
0x00007fffeed80000 - 0x00007fffeed92000 	C:\WINDOWS\SYSTEM32\kernel.appcore.dll
0x00007fffead30000 - 0x00007fffead41000 	C:\Program Files\Android\Android Studio\jre\bin\verify.dll
0x00007fffe0840000 - 0x00007fffe0a24000 	C:\WINDOWS\SYSTEM32\DBGHELP.DLL
0x00007fffe0330000 - 0x00007fffe035c000 	C:\WINDOWS\SYSTEM32\dbgcore.DLL
0x00007ffff0e70000 - 0x00007ffff0ef2000 	C:\WINDOWS\System32\bcryptPrimitives.dll
0x00007fffead00000 - 0x00007fffead29000 	C:\Program Files\Android\Android Studio\jre\bin\java.dll
0x00007fffec900000 - 0x00007fffec90b000 	C:\Program Files\Android\Android Studio\jre\bin\jimage.dll
0x00007fffe1160000 - 0x00007fffe1178000 	C:\Program Files\Android\Android Studio\jre\bin\zip.dll
0x00007ffff21c0000 - 0x00007ffff2904000 	C:\WINDOWS\System32\SHELL32.dll
0x00007fffeef80000 - 0x00007fffef714000 	C:\WINDOWS\SYSTEM32\windows.storage.dll
0x00007ffff29d0000 - 0x00007ffff2d24000 	C:\WINDOWS\System32\combase.dll
0x00007ffff0800000 - 0x00007ffff082c000 	C:\WINDOWS\SYSTEM32\Wldp.dll
0x00007ffff2d30000 - 0x00007ffff2ddd000 	C:\WINDOWS\System32\SHCORE.dll
0x00007ffff2fa0000 - 0x00007ffff2ff5000 	C:\WINDOWS\System32\shlwapi.dll
0x00007ffff0db0000 - 0x00007ffff0dcf000 	C:\WINDOWS\SYSTEM32\profapi.dll
0x00007fffe1140000 - 0x00007fffe115a000 	C:\Program Files\Android\Android Studio\jre\bin\net.dll
0x00007fffe3500000 - 0x00007fffe3609000 	C:\WINDOWS\SYSTEM32\WINHTTP.dll
0x00007ffff0560000 - 0x00007ffff05ca000 	C:\WINDOWS\system32\mswsock.dll
0x00007fffe0fe0000 - 0x00007fffe0ff4000 	C:\Program Files\Android\Android Studio\jre\bin\nio.dll
0x00007fffc5a40000 - 0x00007fffc5a67000 	C:\Users\\.gradle\native\e1d6ef7f7dcc3fd88c89a11ec53ec762bb8ba0a96d01ffa2cd45eb1d1d8dd5c5\windows-amd64\native-platform.dll
0x00007fffdb450000 - 0x00007fffdb594000 	C:\Users\\.gradle\native\5664cfc778a61ccfe75a443a1ab52a65af34e5dc3c78e0209fed803814484fcb\windows-amd64\native-platform-file-events.dll
0x00007fffec8d0000 - 0x00007fffec8da000 	C:\Program Files\Android\Android Studio\jre\bin\management.dll
0x00007fffec8b0000 - 0x00007fffec8bd000 	C:\Program Files\Android\Android Studio\jre\bin\management_ext.dll
0x00007ffff0760000 - 0x00007ffff0778000 	C:\WINDOWS\SYSTEM32\CRYPTSP.dll
0x00007fffefee0000 - 0x00007fffeff14000 	C:\WINDOWS\system32\rsaenh.dll
0x00007ffff1110000 - 0x00007ffff1137000 	C:\WINDOWS\System32\bcrypt.dll
0x00007ffff0d70000 - 0x00007ffff0d9e000 	C:\WINDOWS\SYSTEM32\USERENV.dll
0x00007ffff0750000 - 0x00007ffff075c000 	C:\WINDOWS\SYSTEM32\CRYPTBASE.dll
0x00007ffff0250000 - 0x00007ffff028b000 	C:\WINDOWS\SYSTEM32\IPHLPAPI.DLL
0x00007ffff21b0000 - 0x00007ffff21b8000 	C:\WINDOWS\System32\NSI.dll
0x00007fffe64b0000 - 0x00007fffe64c7000 	C:\WINDOWS\SYSTEM32\dhcpcsvc6.DLL
0x00007fffe6490000 - 0x00007fffe64ad000 	C:\WINDOWS\SYSTEM32\dhcpcsvc.DLL
0x00007ffff0290000 - 0x00007ffff035a000 	C:\WINDOWS\SYSTEM32\DNSAPI.dll
0x00007fffd6d30000 - 0x00007fffd6d57000 	C:\Program Files\Android\Android Studio\jre\bin\sunec.dll
0x00007fffe3470000 - 0x00007fffe347a000 	C:\Windows\System32\rasadhlp.dll
0x00007fffe3160000 - 0x00007fffe31df000 	C:\WINDOWS\System32\fwpuclnt.dll
0x00007fffefb70000 - 0x00007fffefba3000 	C:\WINDOWS\SYSTEM32\ntmarta.dll
0x00007fffee7d0000 - 0x00007fffee860000 	C:\WINDOWS\system32\apphelp.dll

dbghelp: loaded successfully - version: 4.0.5 - missing functions: none
symbol engine: initialized successfully - sym options: 0x614 - pdb path: .;C:\Program Files\Android\Android Studio\jre\bin;C:\WINDOWS\SYSTEM32;C:\WINDOWS\WinSxS\amd64_microsoft.windows.common-controls_6595b64144ccf1df_6.0.19041.1110_none_60b5254171f9507e;C:\Program Files\Android\Android Studio\jre\bin\server;C:\Users\\.gradle\native\e1d6ef7f7dcc3fd88c89a11ec53ec762bb8ba0a96d01ffa2cd45eb1d1d8dd5c5\windows-amd64;C:\Users\\.gradle\native\5664cfc778a61ccfe75a443a1ab52a65af34e5dc3c78e0209fed803814484fcb\windows-amd64

VM Arguments:
jvm_args: --add-opens=java.base/java.util=ALL-UNNAMED --add-opens=java.base/java.lang=ALL-UNNAMED --add-opens=java.base/java.lang.invoke=ALL-UNNAMED --add-opens=java.base/java.util=ALL-UNNAMED --add-opens=java.prefs/java.util.prefs=ALL-UNNAMED --add-opens=java.prefs/java.util.prefs=ALL-UNNAMED --add-opens=java.base/java.nio.charset=ALL-UNNAMED --add-opens=java.base/java.net=ALL-UNNAMED --add-opens=java.base/java.util.concurrent.atomic=ALL-UNNAMED -Xmx2048m -Dfile.encoding=UTF-8 -Duser.country=GB -Duser.language=en -Duser.variant 
java_command: org.gradle.launcher.daemon.bootstrap.GradleDaemon 7.3.3
java_class_path (initial): C:\Users\\.gradle\wrapper\dists\gradle-7.3.3-bin\6a41zxkdtcxs8rphpq6y0069z\gradle-7.3.3\lib\gradle-launcher-7.3.3.jar
Launcher Type: SUN_STANDARD

[Global flags]
     intx CICompilerCount                          = 3                                         {product} {ergonomic}
     uint ConcGCThreads                            = 1                                         {product} {ergonomic}
     uint G1ConcRefinementThreads                  = 4                                         {product} {ergonomic}
   size_t G1HeapRegionSize                         = 1048576                                   {product} {ergonomic}
    uintx GCDrainStackTargetSize                   = 64                                        {product} {ergonomic}
   size_t InitialHeapSize                          = 134217728                                 {product} {ergonomic}
   size_t MarkStackSize                            = 4194304                                   {product} {ergonomic}
   size_t MaxHeapSize                              = 2147483648                                {product} {command line}
   size_t MaxNewSize                               = 1287651328                                {product} {ergonomic}
   size_t MinHeapDeltaBytes                        = 1048576                                   {product} {ergonomic}
    uintx NonNMethodCodeHeapSize                   = 5830732                                {pd product} {ergonomic}
    uintx NonProfiledCodeHeapSize                  = 122913754                              {pd product} {ergonomic}
    uintx ProfiledCodeHeapSize                     = 122913754                              {pd product} {ergonomic}
    uintx ReservedCodeCacheSize                    = 251658240                              {pd product} {ergonomic}
     bool SegmentedCodeCache                       = true                                      {product} {ergonomic}
     bool UseCompressedClassPointers               = true                                 {lp64_product} {ergonomic}
     bool UseCompressedOops                        = true                                 {lp64_product} {ergonomic}
     bool UseG1GC                                  = true                                      {product} {ergonomic}
     bool UseLargePagesIndividualAllocation        = false                                  {pd product} {ergonomic}

Logging:
Log output configuration:
 #0: stdout all=warning uptime,level,tags
 #1: stderr all=off uptime,level,tags

Environment Variables:
JAVA_HOME=C:\Program Files\Java\jdk-18.0.1.1
PATH=C:\Program Files\Common Files\Oracle\Java\javapath;C:\Program Files (x86)\NVIDIA Corporation\PhysX\Common;C:\ProgramData\Oracle\Java\javapath;C:\Program Files (x86)\VMware\VMware Workstation\bin\;C:\Python310\Scripts\;C:\Python310\;C:\WINDOWS\system32;C:\WINDOWS;C:\WINDOWS\System32\Wbem;C:\WINDOWS\System32\WindowsPowerShell\v1.0\;C:\WINDOWS\System32\OpenSSH\;C:\Program Files\nodejs\;C:\ProgramData\chocolatey\bin;C:\Program Files\Git\cmd;C:\Program Files\Java\jdk-18.0.1.1\bin;C:\Users\\AppData\Local\Programs\Python\Python37-32\Scripts\;C:\Users\\AppData\Local\Programs\Python\Python37-32\;C:\Program Files\MySQL\MySQL Shell 8.0\bin\;C:\Users\\AppData\Local\Microsoft\WindowsApps;C:\Users\\AppData\Local\Programs\Microsoft VS Code\bin;C:\Users\\AppData\Roaming\npm;C:\Program Files\LOVE;C:\Users\\AppData\Local\GitHubDesktop\bin;C:\flutter\bin;C:\Program Files\JetBrains\PyCharm 2022.1\bin;;C:\Python310\python.exe;C:\Program Files\MongoDB\Server\5.0\bin;C:\Program Files\JetBrains\IntelliJ IDEA 2022.1\bin;;F:\Formation\IDEs\DataGrip 2022.1.3\bin;;F:\Formation\IDEs\WebStorm 2022.1\bin;;C:\flutter\bin;C:\Java\jdk-18.0.1.1\bin;C:\hadoop-3.3.0\bin;C:\python\bin;C:\Postgresql\bin;
USERNAME=YouYou
OS=Windows_NT
PROCESSOR_IDENTIFIER=Intel64 Family 6 Model 58 Stepping 9, GenuineIntel



---------------  S Y S T E M  ---------------

OS: Windows 10 , 64 bit Build 19041 (10.0.19041.1566)
OS uptime: 1 days 0:30 hours

CPU:total 4 (initial active 4) (2 cores per cpu, 2 threads per core) family 6 model 58 stepping 9 microcode 0x21, cmov, cx8, fxsr, mmx, sse, sse2, sse3, ssse3, sse4.1, sse4.2, popcnt, avx, aes, clmul, erms, ht, tsc, tscinvbit, tscinv

Memory: 4k page, system-wide physical 8065M (464M free)
TotalPageFile size 10113M (AvailPageFile size 111M)
current process WorkingSet (physical memory assigned to process): 663M, peak: 735M
current process commit charge ("private bytes"): 836M, peak: 1007M

vm_info: OpenJDK 64-Bit Server VM (11.0.12+7-b1504.28-7817840) for windows-amd64 JRE (11.0.12+7-b1504.28-7817840), built on Oct 13 2021 22:12:33 by "builder" with MS VC++ 14.0 (VS2015)

END.
